running egg_info
writing ../build/roberto_nav_ruta/roberto_nav_ruta.egg-info/PKG-INFO
writing dependency_links to ../build/roberto_nav_ruta/roberto_nav_ruta.egg-info/dependency_links.txt
writing entry points to ../build/roberto_nav_ruta/roberto_nav_ruta.egg-info/entry_points.txt
writing requirements to ../build/roberto_nav_ruta/roberto_nav_ruta.egg-info/requires.txt
writing top-level names to ../build/roberto_nav_ruta/roberto_nav_ruta.egg-info/top_level.txt
reading manifest file '../build/roberto_nav_ruta/roberto_nav_ruta.egg-info/SOURCES.txt'
writing manifest file '../build/roberto_nav_ruta/roberto_nav_ruta.egg-info/SOURCES.txt'
running build
running build_py
copying roberto_nav_ruta/navigate_to_pose.py -> /root/ROS2/Roberto/build/roberto_nav_ruta/build/lib/roberto_nav_ruta
copying roberto_nav_ruta/__init__.py -> /root/ROS2/Roberto/build/roberto_nav_ruta/build/lib/roberto_nav_ruta
copying roberto_nav_ruta/follow_waypoints.py -> /root/ROS2/Roberto/build/roberto_nav_ruta/build/lib/roberto_nav_ruta
running install
running install_lib
running install_data
copying resource/roberto_nav_ruta -> /root/ROS2/Roberto/install/roberto_nav_ruta/share/ament_index/resource_index/packages
copying package.xml -> /root/ROS2/Roberto/install/roberto_nav_ruta/share/roberto_nav_ruta
copying launch/roberto_nav.launch.py -> /root/ROS2/Roberto/install/roberto_nav_ruta/share/roberto_nav_ruta/launch
copying param/nav2_params.yaml -> /root/ROS2/Roberto/install/roberto_nav_ruta/share/roberto_nav_ruta/param
copying rviz/roberto_navigation.rviz -> /root/ROS2/Roberto/install/roberto_nav_ruta/share/roberto_nav_ruta/rviz
running install_egg_info
removing '/root/ROS2/Roberto/install/roberto_nav_ruta/lib/python3.12/site-packages/roberto_nav_ruta-0.0.0-py3.12.egg-info' (and everything under it)
Copying ../build/roberto_nav_ruta/roberto_nav_ruta.egg-info to /root/ROS2/Roberto/install/roberto_nav_ruta/lib/python3.12/site-packages/roberto_nav_ruta-0.0.0-py3.12.egg-info
running install_scripts
Installing follow_waypoints script to /root/ROS2/Roberto/install/roberto_nav_ruta/lib/roberto_nav_ruta
Installing navigate_to_pose script to /root/ROS2/Roberto/install/roberto_nav_ruta/lib/roberto_nav_ruta
Installing test_navigation script to /root/ROS2/Roberto/install/roberto_nav_ruta/lib/roberto_nav_ruta
writing list of installed files to '/root/ROS2/Roberto/build/roberto_nav_ruta/install.log'
