[3.871s] Invoking command in '/root/ROS2/Roberto/roberto_nav_ruta': PYTHONPATH=/root/ROS2/Roberto/build/roberto_nav_ruta/prefix_override:/usr/lib/python3/dist-packages/colcon_core/task/python/colcon_distutils_commands:/root/ROS2/Roberto/install/roberto_nav_ruta/lib/python3.12/site-packages:${PYTHONPATH} /usr/bin/python3 -W ignore:setup.py install is deprecated -W ignore:easy_install command is deprecated setup.py egg_info --egg-base ../build/roberto_nav_ruta build --build-base /root/ROS2/Roberto/build/roberto_nav_ruta/build install --record /root/ROS2/Roberto/build/roberto_nav_ruta/install.log --single-version-externally-managed install_data
[4.172s] /usr/local/lib/python3.12/dist-packages/setuptools/_distutils/dist.py:287: UserWarning: Unknown distribution option: 'tests_require'
[4.172s]   warnings.warn(msg)
[4.478s] running egg_info
[4.532s] writing ../build/roberto_nav_ruta/roberto_nav_ruta.egg-info/PKG-INFO
[4.533s] writing dependency_links to ../build/roberto_nav_ruta/roberto_nav_ruta.egg-info/dependency_links.txt
[4.533s] writing entry points to ../build/roberto_nav_ruta/roberto_nav_ruta.egg-info/entry_points.txt
[4.533s] writing requirements to ../build/roberto_nav_ruta/roberto_nav_ruta.egg-info/requires.txt
[4.534s] writing top-level names to ../build/roberto_nav_ruta/roberto_nav_ruta.egg-info/top_level.txt
[4.626s] reading manifest file '../build/roberto_nav_ruta/roberto_nav_ruta.egg-info/SOURCES.txt'
[4.629s] writing manifest file '../build/roberto_nav_ruta/roberto_nav_ruta.egg-info/SOURCES.txt'
[4.629s] running build
[4.629s] running build_py
[4.630s] copying roberto_nav_ruta/navigate_to_pose.py -> /root/ROS2/Roberto/build/roberto_nav_ruta/build/lib/roberto_nav_ruta
[4.630s] copying roberto_nav_ruta/__init__.py -> /root/ROS2/Roberto/build/roberto_nav_ruta/build/lib/roberto_nav_ruta
[4.630s] copying roberto_nav_ruta/follow_waypoints.py -> /root/ROS2/Roberto/build/roberto_nav_ruta/build/lib/roberto_nav_ruta
[4.631s] running install
[4.641s] running install_lib
[4.693s] running install_data
[4.694s] copying resource/roberto_nav_ruta -> /root/ROS2/Roberto/install/roberto_nav_ruta/share/ament_index/resource_index/packages
[4.694s] copying package.xml -> /root/ROS2/Roberto/install/roberto_nav_ruta/share/roberto_nav_ruta
[4.695s] copying launch/roberto_nav.launch.py -> /root/ROS2/Roberto/install/roberto_nav_ruta/share/roberto_nav_ruta/launch
[4.695s] copying param/nav2_params.yaml -> /root/ROS2/Roberto/install/roberto_nav_ruta/share/roberto_nav_ruta/param
[4.696s] copying rviz/roberto_navigation.rviz -> /root/ROS2/Roberto/install/roberto_nav_ruta/share/roberto_nav_ruta/rviz
[4.696s] running install_egg_info
[4.777s] removing '/root/ROS2/Roberto/install/roberto_nav_ruta/lib/python3.12/site-packages/roberto_nav_ruta-0.0.0-py3.12.egg-info' (and everything under it)
[4.780s] Copying ../build/roberto_nav_ruta/roberto_nav_ruta.egg-info to /root/ROS2/Roberto/install/roberto_nav_ruta/lib/python3.12/site-packages/roberto_nav_ruta-0.0.0-py3.12.egg-info
[4.787s] running install_scripts
[5.038s] Installing follow_waypoints script to /root/ROS2/Roberto/install/roberto_nav_ruta/lib/roberto_nav_ruta
[5.040s] Installing navigate_to_pose script to /root/ROS2/Roberto/install/roberto_nav_ruta/lib/roberto_nav_ruta
[5.041s] Installing test_navigation script to /root/ROS2/Roberto/install/roberto_nav_ruta/lib/roberto_nav_ruta
[5.045s] writing list of installed files to '/root/ROS2/Roberto/build/roberto_nav_ruta/install.log'
[5.133s] Invoked command in '/root/ROS2/Roberto/roberto_nav_ruta' returned '0': PYTHONPATH=/root/ROS2/Roberto/build/roberto_nav_ruta/prefix_override:/usr/lib/python3/dist-packages/colcon_core/task/python/colcon_distutils_commands:/root/ROS2/Roberto/install/roberto_nav_ruta/lib/python3.12/site-packages:${PYTHONPATH} /usr/bin/python3 -W ignore:setup.py install is deprecated -W ignore:easy_install command is deprecated setup.py egg_info --egg-base ../build/roberto_nav_ruta build --build-base /root/ROS2/Roberto/build/roberto_nav_ruta/build install --record /root/ROS2/Roberto/build/roberto_nav_ruta/install.log --single-version-externally-managed install_data
