[0.327s] Invoking command in '/root/ROS2/Roberto/build/roberto_mundo': CMAKE_PREFIX_PATH=${CMAKE_PREFIX_PATH}:/root/ROS2/Roberto/install/roberto_person_detection:/root/ROS2/Roberto/install/roberto_nav_ruta:/root/ROS2/Roberto/install/roberto_nav_punto:/root/ROS2/Roberto/install/roberto_lidar:/root/ROS2/Roberto/install/roberto_gesture_detection:/opt/ros/jazzy /usr/bin/cmake --build /root/ROS2/Roberto/build/roberto_mundo -- -j8 -l8
[1.210s] [ 50%] Built target obstacle2
[1.212s] [ 50%] Built target obstacles
[1.212s] [ 75%] Built target obstacle1
[1.212s] [100%] Built target turtlebot3_drive
[1.213s] Invoked command in '/root/ROS2/Roberto/build/roberto_mundo' returned '0': CMAKE_PREFIX_PATH=${CMAKE_PREFIX_PATH}:/root/ROS2/Roberto/install/roberto_person_detection:/root/ROS2/Roberto/install/roberto_nav_ruta:/root/ROS2/Roberto/install/roberto_nav_punto:/root/ROS2/Roberto/install/roberto_lidar:/root/ROS2/Roberto/install/roberto_gesture_detection:/opt/ros/jazzy /usr/bin/cmake --build /root/ROS2/Roberto/build/roberto_mundo -- -j8 -l8
[1.228s] Invoking command in '/root/ROS2/Roberto/build/roberto_mundo': CMAKE_PREFIX_PATH=${CMAKE_PREFIX_PATH}:/root/ROS2/Roberto/install/roberto_person_detection:/root/ROS2/Roberto/install/roberto_nav_ruta:/root/ROS2/Roberto/install/roberto_nav_punto:/root/ROS2/Roberto/install/roberto_lidar:/root/ROS2/Roberto/install/roberto_gesture_detection:/opt/ros/jazzy /usr/bin/cmake --install /root/ROS2/Roberto/build/roberto_mundo
[1.511s] -- Install configuration: ""
[1.512s] -- Up-to-date: /root/ROS2/Roberto/install/roberto_mundo/lib/roberto_mundo/turtlebot3_drive
[1.530s] -- Up-to-date: /root/ROS2/Roberto/install/roberto_mundo/lib/roberto_mundo/libobstacles.so
[1.531s] -- Up-to-date: /root/ROS2/Roberto/install/roberto_mundo/lib/roberto_mundo/libobstacle1.so
[1.531s] -- Up-to-date: /root/ROS2/Roberto/install/roberto_mundo/lib/roberto_mundo/libobstacle2.so
[1.532s] -- Up-to-date: /root/ROS2/Roberto/install/roberto_mundo/share/roberto_mundo//launch
[1.533s] -- Up-to-date: /root/ROS2/Roberto/install/roberto_mundo/share/roberto_mundo//launch/spawn_turtlebot3.launch.py
[1.533s] -- Up-to-date: /root/ROS2/Roberto/install/roberto_mundo/share/roberto_mundo//launch/robot_state_publisher.launch.py
[1.533s] -- Up-to-date: /root/ROS2/Roberto/install/roberto_mundo/share/roberto_mundo//launch/roberto.launch.py
[1.534s] -- Up-to-date: /root/ROS2/Roberto/install/roberto_mundo/share/roberto_mundo//models
[1.534s] -- Up-to-date: /root/ROS2/Roberto/install/roberto_mundo/share/roberto_mundo//models/grey_wall
[1.535s] -- Up-to-date: /root/ROS2/Roberto/install/roberto_mundo/share/roberto_mundo//models/grey_wall/model-1_4.sdf_Zone.Identifier
[1.535s] -- Up-to-date: /root/ROS2/Roberto/install/roberto_mundo/share/roberto_mundo//models/grey_wall/model.config_Zone.Identifier
[1.535s] -- Up-to-date: /root/ROS2/Roberto/install/roberto_mundo/share/roberto_mundo//models/grey_wall/model-1_4.sdf
[1.536s] -- Up-to-date: /root/ROS2/Roberto/install/roberto_mundo/share/roberto_mundo//models/grey_wall/model-1_3.sdf
[1.536s] -- Up-to-date: /root/ROS2/Roberto/install/roberto_mundo/share/roberto_mundo//models/grey_wall/model-1_3.sdf_Zone.Identifier
[1.537s] -- Up-to-date: /root/ROS2/Roberto/install/roberto_mundo/share/roberto_mundo//models/grey_wall/model-1_3.sdf:Zone.Identifier
[1.537s] -- Up-to-date: /root/ROS2/Roberto/install/roberto_mundo/share/roberto_mundo//models/grey_wall/model.config
[1.537s] -- Up-to-date: /root/ROS2/Roberto/install/roberto_mundo/share/roberto_mundo//models/grey_wall/model.sdf:Zone.Identifier
[1.537s] -- Up-to-date: /root/ROS2/Roberto/install/roberto_mundo/share/roberto_mundo//models/grey_wall/model-1_4.sdf:Zone.Identifier
[1.538s] -- Up-to-date: /root/ROS2/Roberto/install/roberto_mundo/share/roberto_mundo//models/grey_wall/model.sdf_Zone.Identifier
[1.538s] -- Up-to-date: /root/ROS2/Roberto/install/roberto_mundo/share/roberto_mundo//models/grey_wall/model.config:Zone.Identifier
[1.538s] -- Up-to-date: /root/ROS2/Roberto/install/roberto_mundo/share/roberto_mundo//models/grey_wall/materials
[1.539s] -- Up-to-date: /root/ROS2/Roberto/install/roberto_mundo/share/roberto_mundo//models/grey_wall/materials/textures
[1.541s] -- Up-to-date: /root/ROS2/Roberto/install/roberto_mundo/share/roberto_mundo//models/grey_wall/materials/textures/grey_wall.png
[1.541s] -- Up-to-date: /root/ROS2/Roberto/install/roberto_mundo/share/roberto_mundo//models/grey_wall/materials/textures/grey_wall.png:Zone.Identifier
[1.542s] -- Up-to-date: /root/ROS2/Roberto/install/roberto_mundo/share/roberto_mundo//models/grey_wall/materials/textures/grey_wall.png_Zone.Identifier
[1.542s] -- Up-to-date: /root/ROS2/Roberto/install/roberto_mundo/share/roberto_mundo//models/grey_wall/materials/scripts
[1.543s] -- Up-to-date: /root/ROS2/Roberto/install/roberto_mundo/share/roberto_mundo//models/grey_wall/materials/scripts/grey_wall.material_Zone.Identifier
[1.544s] -- Up-to-date: /root/ROS2/Roberto/install/roberto_mundo/share/roberto_mundo//models/grey_wall/materials/scripts/grey_wall.material:Zone.Identifier
[1.544s] -- Up-to-date: /root/ROS2/Roberto/install/roberto_mundo/share/roberto_mundo//models/grey_wall/materials/scripts/grey_wall.material
[1.545s] -- Up-to-date: /root/ROS2/Roberto/install/roberto_mundo/share/roberto_mundo//models/grey_wall/model.sdf
[1.545s] -- Up-to-date: /root/ROS2/Roberto/install/roberto_mundo/share/roberto_mundo//models/small_house
[1.546s] -- Up-to-date: /root/ROS2/Roberto/install/roberto_mundo/share/roberto_mundo//models/small_house/model.config
[1.547s] -- Up-to-date: /root/ROS2/Roberto/install/roberto_mundo/share/roberto_mundo//models/small_house/model.sdf
[1.547s] -- Up-to-date: /root/ROS2/Roberto/install/roberto_mundo/share/roberto_mundo//models/ground_plane
[1.549s] -- Up-to-date: /root/ROS2/Roberto/install/roberto_mundo/share/roberto_mundo//models/ground_plane/model-1_4.sdf_Zone.Identifier
[1.550s] -- Up-to-date: /root/ROS2/Roberto/install/roberto_mundo/share/roberto_mundo//models/ground_plane/model.config_Zone.Identifier
[1.551s] -- Up-to-date: /root/ROS2/Roberto/install/roberto_mundo/share/roberto_mundo//models/ground_plane/model-1_4.sdf
[1.552s] -- Up-to-date: /root/ROS2/Roberto/install/roberto_mundo/share/roberto_mundo//models/ground_plane/model-1_2.sdf:Zone.Identifier
[1.553s] -- Up-to-date: /root/ROS2/Roberto/install/roberto_mundo/share/roberto_mundo//models/ground_plane/model-1_3.sdf
[1.553s] -- Up-to-date: /root/ROS2/Roberto/install/roberto_mundo/share/roberto_mundo//models/ground_plane/model-1_2.sdf_Zone.Identifier
[1.554s] -- Up-to-date: /root/ROS2/Roberto/install/roberto_mundo/share/roberto_mundo//models/ground_plane/model-1_3.sdf_Zone.Identifier
[1.554s] -- Up-to-date: /root/ROS2/Roberto/install/roberto_mundo/share/roberto_mundo//models/ground_plane/model-1_3.sdf:Zone.Identifier
[1.554s] -- Up-to-date: /root/ROS2/Roberto/install/roberto_mundo/share/roberto_mundo//models/ground_plane/model.config
[1.554s] -- Up-to-date: /root/ROS2/Roberto/install/roberto_mundo/share/roberto_mundo//models/ground_plane/model.sdf:Zone.Identifier
[1.555s] -- Up-to-date: /root/ROS2/Roberto/install/roberto_mundo/share/roberto_mundo//models/ground_plane/model-1_4.sdf:Zone.Identifier
[1.555s] -- Up-to-date: /root/ROS2/Roberto/install/roberto_mundo/share/roberto_mundo//models/ground_plane/model.sdf_Zone.Identifier
[1.556s] -- Up-to-date: /root/ROS2/Roberto/install/roberto_mundo/share/roberto_mundo//models/ground_plane/model.config:Zone.Identifier
[1.556s] -- Up-to-date: /root/ROS2/Roberto/install/roberto_mundo/share/roberto_mundo//models/ground_plane/model.sdf
[1.556s] -- Up-to-date: /root/ROS2/Roberto/install/roberto_mundo/share/roberto_mundo//models/ground_plane/model-1_2.sdf
[1.556s] -- Up-to-date: /root/ROS2/Roberto/install/roberto_mundo/share/roberto_mundo//models/turtlebot3_burger_cam
[1.557s] -- Up-to-date: /root/ROS2/Roberto/install/roberto_mundo/share/roberto_mundo//models/turtlebot3_burger_cam/model-1_4.sdf_Zone - Copy.Identifier
[1.558s] -- Up-to-date: /root/ROS2/Roberto/install/roberto_mundo/share/roberto_mundo//models/turtlebot3_burger_cam/model-1_4.sdf
[1.558s] -- Up-to-date: /root/ROS2/Roberto/install/roberto_mundo/share/roberto_mundo//models/turtlebot3_burger_cam/model-1_4.sdf:Zone - Copy.Identifier
[1.558s] -- Up-to-date: /root/ROS2/Roberto/install/roberto_mundo/share/roberto_mundo//models/turtlebot3_burger_cam/model.config
[1.559s] -- Up-to-date: /root/ROS2/Roberto/install/roberto_mundo/share/roberto_mundo//models/turtlebot3_burger_cam/model.config:Zone - Copy.Identifier
[1.559s] -- Up-to-date: /root/ROS2/Roberto/install/roberto_mundo/share/roberto_mundo//models/turtlebot3_burger_cam/model.config_Zone - Copy.Identifier
[1.559s] -- Up-to-date: /root/ROS2/Roberto/install/roberto_mundo/share/roberto_mundo//models/turtlebot3_burger_cam/model.sdf
[1.559s] -- Up-to-date: /root/ROS2/Roberto/install/roberto_mundo/share/roberto_mundo//models/warehouse_walls
[1.559s] -- Up-to-date: /root/ROS2/Roberto/install/roberto_mundo/share/roberto_mundo//models/warehouse_walls/model.config_Zone.Identifier
[1.560s] -- Up-to-date: /root/ROS2/Roberto/install/roberto_mundo/share/roberto_mundo//models/warehouse_walls/model.config
[1.560s] -- Up-to-date: /root/ROS2/Roberto/install/roberto_mundo/share/roberto_mundo//models/warehouse_walls/model.sdf:Zone.Identifier
[1.560s] -- Up-to-date: /root/ROS2/Roberto/install/roberto_mundo/share/roberto_mundo//models/warehouse_walls/model.sdf_Zone.Identifier
[1.561s] -- Up-to-date: /root/ROS2/Roberto/install/roberto_mundo/share/roberto_mundo//models/warehouse_walls/model.config:Zone.Identifier
[1.561s] -- Up-to-date: /root/ROS2/Roberto/install/roberto_mundo/share/roberto_mundo//models/warehouse_walls/materials
[1.561s] -- Up-to-date: /root/ROS2/Roberto/install/roberto_mundo/share/roberto_mundo//models/warehouse_walls/materials/textures
[1.562s] -- Up-to-date: /root/ROS2/Roberto/install/roberto_mundo/share/roberto_mundo//models/warehouse_walls/materials/textures/grey_wall.png
[1.562s] -- Up-to-date: /root/ROS2/Roberto/install/roberto_mundo/share/roberto_mundo//models/warehouse_walls/materials/textures/grey_wall.png:Zone.Identifier
[1.562s] -- Up-to-date: /root/ROS2/Roberto/install/roberto_mundo/share/roberto_mundo//models/warehouse_walls/materials/textures/grey_wall.png_Zone.Identifier
[1.563s] -- Up-to-date: /root/ROS2/Roberto/install/roberto_mundo/share/roberto_mundo//models/warehouse_walls/materials/scripts
[1.563s] -- Up-to-date: /root/ROS2/Roberto/install/roberto_mundo/share/roberto_mundo//models/warehouse_walls/materials/scripts/grey_wall.material_Zone.Identifier
[1.563s] -- Up-to-date: /root/ROS2/Roberto/install/roberto_mundo/share/roberto_mundo//models/warehouse_walls/materials/scripts/grey_wall.material:Zone.Identifier
[1.564s] -- Up-to-date: /root/ROS2/Roberto/install/roberto_mundo/share/roberto_mundo//models/warehouse_walls/materials/scripts/grey_wall.material
[1.564s] -- Up-to-date: /root/ROS2/Roberto/install/roberto_mundo/share/roberto_mundo//models/warehouse_walls/model.sdf
[1.564s] -- Up-to-date: /root/ROS2/Roberto/install/roberto_mundo/share/roberto_mundo//models/sun
[1.565s] -- Up-to-date: /root/ROS2/Roberto/install/roberto_mundo/share/roberto_mundo//models/sun/model-1_4.sdf_Zone.Identifier
[1.565s] -- Up-to-date: /root/ROS2/Roberto/install/roberto_mundo/share/roberto_mundo//models/sun/model.config_Zone.Identifier
[1.566s] -- Up-to-date: /root/ROS2/Roberto/install/roberto_mundo/share/roberto_mundo//models/sun/model-1_4.sdf
[1.566s] -- Up-to-date: /root/ROS2/Roberto/install/roberto_mundo/share/roberto_mundo//models/sun/model-1_2.sdf:Zone.Identifier
[1.566s] -- Up-to-date: /root/ROS2/Roberto/install/roberto_mundo/share/roberto_mundo//models/sun/model-1_3.sdf
[1.567s] -- Up-to-date: /root/ROS2/Roberto/install/roberto_mundo/share/roberto_mundo//models/sun/model-1_2.sdf_Zone.Identifier
[1.567s] -- Up-to-date: /root/ROS2/Roberto/install/roberto_mundo/share/roberto_mundo//models/sun/model-1_3.sdf_Zone.Identifier
[1.567s] -- Up-to-date: /root/ROS2/Roberto/install/roberto_mundo/share/roberto_mundo//models/sun/model-1_3.sdf:Zone.Identifier
[1.567s] -- Up-to-date: /root/ROS2/Roberto/install/roberto_mundo/share/roberto_mundo//models/sun/model.config
[1.568s] -- Up-to-date: /root/ROS2/Roberto/install/roberto_mundo/share/roberto_mundo//models/sun/model.sdf:Zone.Identifier
[1.568s] -- Up-to-date: /root/ROS2/Roberto/install/roberto_mundo/share/roberto_mundo//models/sun/model-1_4.sdf:Zone.Identifier
[1.568s] -- Up-to-date: /root/ROS2/Roberto/install/roberto_mundo/share/roberto_mundo//models/sun/model.sdf_Zone.Identifier
[1.568s] -- Up-to-date: /root/ROS2/Roberto/install/roberto_mundo/share/roberto_mundo//models/sun/model.config:Zone.Identifier
[1.568s] -- Up-to-date: /root/ROS2/Roberto/install/roberto_mundo/share/roberto_mundo//models/sun/model.sdf
[1.569s] -- Up-to-date: /root/ROS2/Roberto/install/roberto_mundo/share/roberto_mundo//models/sun/model-1_2.sdf
[1.569s] -- Up-to-date: /root/ROS2/Roberto/install/roberto_mundo/share/roberto_mundo//models/modelos_pesonas
[1.569s] -- Up-to-date: /root/ROS2/Roberto/install/roberto_mundo/share/roberto_mundo//models/modelos_pesonas/naokoeye
[1.570s] -- Up-to-date: /root/ROS2/Roberto/install/roberto_mundo/share/roberto_mundo//models/modelos_pesonas/naokoeye/model.config
[1.570s] -- Up-to-date: /root/ROS2/Roberto/install/roberto_mundo/share/roberto_mundo//models/modelos_pesonas/naokoeye/meshes
[1.570s] -- Up-to-date: /root/ROS2/Roberto/install/roberto_mundo/share/roberto_mundo//models/modelos_pesonas/naokoeye/meshes/naokoeye.dae
[1.570s] -- Up-to-date: /root/ROS2/Roberto/install/roberto_mundo/share/roberto_mundo//models/modelos_pesonas/naokoeye/meshes/naokoeye.png
[1.570s] -- Up-to-date: /root/ROS2/Roberto/install/roberto_mundo/share/roberto_mundo//models/modelos_pesonas/naokoeye/meshes/brown_eye.png
[1.570s] -- Up-to-date: /root/ROS2/Roberto/install/roberto_mundo/share/roberto_mundo//models/modelos_pesonas/naokoeye/meshes/naokoeyev2.dae
[1.571s] -- Up-to-date: /root/ROS2/Roberto/install/roberto_mundo/share/roberto_mundo//models/modelos_pesonas/naokoeye/meshes/eyebrow001.png
[1.571s] -- Up-to-date: /root/ROS2/Roberto/install/roberto_mundo/share/roberto_mundo//models/modelos_pesonas/naokoeye/meshes/female_casualsuit02_normal.png
[1.571s] -- Up-to-date: /root/ROS2/Roberto/install/roberto_mundo/share/roberto_mundo//models/modelos_pesonas/naokoeye/meshes/female_casualsuit02_diffuse.png
[1.571s] -- Up-to-date: /root/ROS2/Roberto/install/roberto_mundo/share/roberto_mundo//models/modelos_pesonas/naokoeye/meshes/bob02_diffuse.png
[1.571s] -- Up-to-date: /root/ROS2/Roberto/install/roberto_mundo/share/roberto_mundo//models/modelos_pesonas/naokoeye/model.sdf
[1.572s] -- Up-to-date: /root/ROS2/Roberto/install/roberto_mundo/share/roberto_mundo//models/modelos_pesonas/bobeye
[1.572s] -- Up-to-date: /root/ROS2/Roberto/install/roberto_mundo/share/roberto_mundo//models/modelos_pesonas/bobeye/model.config
[1.573s] -- Up-to-date: /root/ROS2/Roberto/install/roberto_mundo/share/roberto_mundo//models/modelos_pesonas/bobeye/meshes
[1.573s] -- Up-to-date: /root/ROS2/Roberto/install/roberto_mundo/share/roberto_mundo//models/modelos_pesonas/bobeye/meshes/brown_eye.png
[1.573s] -- Up-to-date: /root/ROS2/Roberto/install/roberto_mundo/share/roberto_mundo//models/modelos_pesonas/bobeye/meshes/shoes03_diffuse.png
[1.573s] -- Up-to-date: /root/ROS2/Roberto/install/roberto_mundo/share/roberto_mundo//models/modelos_pesonas/bobeye/meshes/young_darkskinned_male_diffuse.png
[1.574s] -- Up-to-date: /root/ROS2/Roberto/install/roberto_mundo/share/roberto_mundo//models/modelos_pesonas/bobeye/meshes/male_casualsuit03_normal.png
[1.574s] -- Up-to-date: /root/ROS2/Roberto/install/roberto_mundo/share/roberto_mundo//models/modelos_pesonas/bobeye/meshes/bobeye.png
[1.575s] -- Up-to-date: /root/ROS2/Roberto/install/roberto_mundo/share/roberto_mundo//models/modelos_pesonas/bobeye/meshes/bobeyev2.dae
[1.575s] -- Up-to-date: /root/ROS2/Roberto/install/roberto_mundo/share/roberto_mundo//models/modelos_pesonas/bobeye/meshes/eyebrow001.png
[1.575s] -- Up-to-date: /root/ROS2/Roberto/install/roberto_mundo/share/roberto_mundo//models/modelos_pesonas/bobeye/meshes/teeth.png
[1.575s] -- Up-to-date: /root/ROS2/Roberto/install/roberto_mundo/share/roberto_mundo//models/modelos_pesonas/bobeye/meshes/bobeye.dae
[1.576s] -- Up-to-date: /root/ROS2/Roberto/install/roberto_mundo/share/roberto_mundo//models/modelos_pesonas/bobeye/meshes/tongue01_diffuse.png
[1.576s] -- Up-to-date: /root/ROS2/Roberto/install/roberto_mundo/share/roberto_mundo//models/modelos_pesonas/bobeye/meshes/male_casualsuit03_diffuse.png
[1.576s] -- Up-to-date: /root/ROS2/Roberto/install/roberto_mundo/share/roberto_mundo//models/modelos_pesonas/bobeye/model.sdf
[1.577s] -- Up-to-date: /root/ROS2/Roberto/install/roberto_mundo/share/roberto_mundo//models/modelos_pesonas/gertrudiseye
[1.577s] -- Up-to-date: /root/ROS2/Roberto/install/roberto_mundo/share/roberto_mundo//models/modelos_pesonas/gertrudiseye/model.config
[1.580s] -- Up-to-date: /root/ROS2/Roberto/install/roberto_mundo/share/roberto_mundo//models/modelos_pesonas/gertrudiseye/meshes
[1.581s] -- Up-to-date: /root/ROS2/Roberto/install/roberto_mundo/share/roberto_mundo//models/modelos_pesonas/gertrudiseye/meshes/female_elegantsuit01_diffuse.png
[1.582s] -- Up-to-date: /root/ROS2/Roberto/install/roberto_mundo/share/roberto_mundo//models/modelos_pesonas/gertrudiseye/meshes/female_elegantsuit01_normal.png
[1.583s] -- Up-to-date: /root/ROS2/Roberto/install/roberto_mundo/share/roberto_mundo//models/modelos_pesonas/gertrudiseye/meshes/teeth.png
[1.583s] -- Up-to-date: /root/ROS2/Roberto/install/roberto_mundo/share/roberto_mundo//models/modelos_pesonas/gertrudiseye/meshes/gertrudiseyev2.dae
[1.584s] -- Up-to-date: /root/ROS2/Roberto/install/roberto_mundo/share/roberto_mundo//models/modelos_pesonas/gertrudiseye/meshes/old_lightskinned_female_diffuse.png
[1.584s] -- Up-to-date: /root/ROS2/Roberto/install/roberto_mundo/share/roberto_mundo//models/modelos_pesonas/gertrudiseye/meshes/green_eye.png
[1.584s] -- Up-to-date: /root/ROS2/Roberto/install/roberto_mundo/share/roberto_mundo//models/modelos_pesonas/gertrudiseye/meshes/gertrudiseye.png
[1.584s] -- Up-to-date: /root/ROS2/Roberto/install/roberto_mundo/share/roberto_mundo//models/modelos_pesonas/gertrudiseye/meshes/braid01_diffuse.png
[1.585s] -- Up-to-date: /root/ROS2/Roberto/install/roberto_mundo/share/roberto_mundo//models/modelos_pesonas/gertrudiseye/meshes/tongue01_diffuse.png
[1.585s] -- Up-to-date: /root/ROS2/Roberto/install/roberto_mundo/share/roberto_mundo//models/modelos_pesonas/gertrudiseye/meshes/gertrudiseye.dae
[1.586s] -- Up-to-date: /root/ROS2/Roberto/install/roberto_mundo/share/roberto_mundo//models/modelos_pesonas/gertrudiseye/model.sdf
[1.586s] -- Up-to-date: /root/ROS2/Roberto/install/roberto_mundo/share/roberto_mundo//models/modelos_pesonas/kumaeye
[1.586s] -- Up-to-date: /root/ROS2/Roberto/install/roberto_mundo/share/roberto_mundo//models/modelos_pesonas/kumaeye/model.config
[1.587s] -- Up-to-date: /root/ROS2/Roberto/install/roberto_mundo/share/roberto_mundo//models/modelos_pesonas/kumaeye/meshes
[1.587s] -- Up-to-date: /root/ROS2/Roberto/install/roberto_mundo/share/roberto_mundo//models/modelos_pesonas/kumaeye/meshes/eyebrow010.png
[1.587s] -- Up-to-date: /root/ROS2/Roberto/install/roberto_mundo/share/roberto_mundo//models/modelos_pesonas/kumaeye/meshes/brown_eye.png
[1.588s] -- Up-to-date: /root/ROS2/Roberto/install/roberto_mundo/share/roberto_mundo//models/modelos_pesonas/kumaeye/meshes/young_lightskinned_female_diffuse3.png
[1.588s] -- Up-to-date: /root/ROS2/Roberto/install/roberto_mundo/share/roberto_mundo//models/modelos_pesonas/kumaeye/meshes/kumaeye.png
[1.589s] -- Up-to-date: /root/ROS2/Roberto/install/roberto_mundo/share/roberto_mundo//models/modelos_pesonas/kumaeye/meshes/male_worksuit01_normal.png
[1.589s] -- Up-to-date: /root/ROS2/Roberto/install/roberto_mundo/share/roberto_mundo//models/modelos_pesonas/kumaeye/meshes/kumaeyev2.dae
[1.590s] -- Up-to-date: /root/ROS2/Roberto/install/roberto_mundo/share/roberto_mundo//models/modelos_pesonas/kumaeye/meshes/male_worksuit01_diffuse.png
[1.590s] -- Up-to-date: /root/ROS2/Roberto/install/roberto_mundo/share/roberto_mundo//models/modelos_pesonas/kumaeye/meshes/teeth.png
[1.590s] -- Up-to-date: /root/ROS2/Roberto/install/roberto_mundo/share/roberto_mundo//models/modelos_pesonas/kumaeye/meshes/short01_diffuse.png
[1.590s] -- Up-to-date: /root/ROS2/Roberto/install/roberto_mundo/share/roberto_mundo//models/modelos_pesonas/kumaeye/meshes/kumaeye.dae
[1.591s] -- Up-to-date: /root/ROS2/Roberto/install/roberto_mundo/share/roberto_mundo//models/modelos_pesonas/kumaeye/meshes/tongue01_diffuse.png
[1.591s] -- Up-to-date: /root/ROS2/Roberto/install/roberto_mundo/share/roberto_mundo//models/modelos_pesonas/kumaeye/model.sdf
[1.591s] -- Up-to-date: /root/ROS2/Roberto/install/roberto_mundo/share/roberto_mundo//models/turtlebot3_burger
[1.591s] -- Up-to-date: /root/ROS2/Roberto/install/roberto_mundo/share/roberto_mundo//models/turtlebot3_burger/model-1_4.sdf_Zone - Copy.Identifier
[1.591s] -- Up-to-date: /root/ROS2/Roberto/install/roberto_mundo/share/roberto_mundo//models/turtlebot3_burger/model-1_4.sdf
[1.592s] -- Up-to-date: /root/ROS2/Roberto/install/roberto_mundo/share/roberto_mundo//models/turtlebot3_burger/model-1_4.sdf:Zone - Copy.Identifier
[1.592s] -- Up-to-date: /root/ROS2/Roberto/install/roberto_mundo/share/roberto_mundo//models/turtlebot3_burger/model.config
[1.592s] -- Up-to-date: /root/ROS2/Roberto/install/roberto_mundo/share/roberto_mundo//models/turtlebot3_burger/model.config:Zone - Copy.Identifier
[1.592s] -- Up-to-date: /root/ROS2/Roberto/install/roberto_mundo/share/roberto_mundo//models/turtlebot3_burger/model.config_Zone - Copy.Identifier
[1.592s] -- Up-to-date: /root/ROS2/Roberto/install/roberto_mundo/share/roberto_mundo//models/turtlebot3_burger/model.sdf
[1.592s] -- Up-to-date: /root/ROS2/Roberto/install/roberto_mundo/share/roberto_mundo//models/turtlebot3_common
[1.593s] -- Up-to-date: /root/ROS2/Roberto/install/roberto_mundo/share/roberto_mundo//models/turtlebot3_common/model.config
[1.593s] -- Up-to-date: /root/ROS2/Roberto/install/roberto_mundo/share/roberto_mundo//models/turtlebot3_common/model.config:Zone - Copy.Identifier
[1.593s] -- Up-to-date: /root/ROS2/Roberto/install/roberto_mundo/share/roberto_mundo//models/turtlebot3_common/model.config_Zone - Copy.Identifier
[1.593s] -- Up-to-date: /root/ROS2/Roberto/install/roberto_mundo/share/roberto_mundo//models/turtlebot3_common/meshes
[1.594s] -- Up-to-date: /root/ROS2/Roberto/install/roberto_mundo/share/roberto_mundo//models/turtlebot3_common/meshes/burger_base.dae
[1.594s] -- Up-to-date: /root/ROS2/Roberto/install/roberto_mundo/share/roberto_mundo//models/turtlebot3_common/meshes/tire.dae_Zone - Copy.Identifier
[1.594s] -- Up-to-date: /root/ROS2/Roberto/install/roberto_mundo/share/roberto_mundo//models/turtlebot3_common/meshes/lds.dae
[1.595s] -- Up-to-date: /root/ROS2/Roberto/install/roberto_mundo/share/roberto_mundo//models/turtlebot3_common/meshes/lds.dae:Zone - Copy.Identifier
[1.595s] -- Up-to-date: /root/ROS2/Roberto/install/roberto_mundo/share/roberto_mundo//models/turtlebot3_common/meshes/tire.dae:Zone - Copy.Identifier
[1.595s] -- Up-to-date: /root/ROS2/Roberto/install/roberto_mundo/share/roberto_mundo//models/turtlebot3_common/meshes/wheels
[1.595s] -- Up-to-date: /root/ROS2/Roberto/install/roberto_mundo/share/roberto_mundo//models/turtlebot3_common/meshes/wheels/right_tire.stl
[1.595s] -- Up-to-date: /root/ROS2/Roberto/install/roberto_mundo/share/roberto_mundo//models/turtlebot3_common/meshes/wheels/left_tire.stl
[1.596s] -- Up-to-date: /root/ROS2/Roberto/install/roberto_mundo/share/roberto_mundo//models/turtlebot3_common/meshes/wheels/right_tire.stl:Zone - Copy.Identifier
[1.596s] -- Up-to-date: /root/ROS2/Roberto/install/roberto_mundo/share/roberto_mundo//models/turtlebot3_common/meshes/wheels/right_tire.stl_Zone - Copy.Identifier
[1.596s] -- Up-to-date: /root/ROS2/Roberto/install/roberto_mundo/share/roberto_mundo//models/turtlebot3_common/meshes/wheels/left_tire.stl_Zone - Copy.Identifier
[1.597s] -- Up-to-date: /root/ROS2/Roberto/install/roberto_mundo/share/roberto_mundo//models/turtlebot3_common/meshes/wheels/left_tire.stl:Zone - Copy.Identifier
[1.597s] -- Up-to-date: /root/ROS2/Roberto/install/roberto_mundo/share/roberto_mundo//models/turtlebot3_common/meshes/waffle_pi_base.dae_Zone - Copy.Identifier
[1.597s] -- Up-to-date: /root/ROS2/Roberto/install/roberto_mundo/share/roberto_mundo//models/turtlebot3_common/meshes/waffle_pi_base.dae
[1.598s] -- Up-to-date: /root/ROS2/Roberto/install/roberto_mundo/share/roberto_mundo//models/turtlebot3_common/meshes/burger_base.dae:Zone - Copy.Identifier
[1.598s] -- Up-to-date: /root/ROS2/Roberto/install/roberto_mundo/share/roberto_mundo//models/turtlebot3_common/meshes/lds.dae_Zone - Copy.Identifier
[1.598s] -- Up-to-date: /root/ROS2/Roberto/install/roberto_mundo/share/roberto_mundo//models/turtlebot3_common/meshes/tire.dae
[1.598s] -- Up-to-date: /root/ROS2/Roberto/install/roberto_mundo/share/roberto_mundo//models/turtlebot3_common/meshes/sensors
[1.599s] -- Up-to-date: /root/ROS2/Roberto/install/roberto_mundo/share/roberto_mundo//models/turtlebot3_common/meshes/sensors/r200.jpg
[1.599s] -- Up-to-date: /root/ROS2/Roberto/install/roberto_mundo/share/roberto_mundo//models/turtlebot3_common/meshes/sensors/lds.stl
[1.600s] -- Up-to-date: /root/ROS2/Roberto/install/roberto_mundo/share/roberto_mundo//models/turtlebot3_common/meshes/sensors/astra.jpg
[1.600s] -- Up-to-date: /root/ROS2/Roberto/install/roberto_mundo/share/roberto_mundo//models/turtlebot3_common/meshes/sensors/r200.jpg:Zone - Copy.Identifier
[1.600s] -- Up-to-date: /root/ROS2/Roberto/install/roberto_mundo/share/roberto_mundo//models/turtlebot3_common/meshes/sensors/astra.dae
[1.600s] -- Up-to-date: /root/ROS2/Roberto/install/roberto_mundo/share/roberto_mundo//models/turtlebot3_common/meshes/sensors/r200.dae
[1.601s] -- Up-to-date: /root/ROS2/Roberto/install/roberto_mundo/share/roberto_mundo//models/turtlebot3_common/meshes/sensors/r200.jpg_Zone - Copy.Identifier
[1.601s] -- Up-to-date: /root/ROS2/Roberto/install/roberto_mundo/share/roberto_mundo//models/turtlebot3_common/meshes/waffle_base.dae
[1.601s] -- Up-to-date: /root/ROS2/Roberto/install/roberto_mundo/share/roberto_mundo//models/turtlebot3_common/meshes/waffle_base.dae:Zone - Copy.Identifier
[1.601s] -- Up-to-date: /root/ROS2/Roberto/install/roberto_mundo/share/roberto_mundo//models/turtlebot3_common/meshes/waffle_base.dae_Zone - Copy.Identifier
[1.601s] -- Up-to-date: /root/ROS2/Roberto/install/roberto_mundo/share/roberto_mundo//models/turtlebot3_common/meshes/r200.dae
[1.601s] -- Up-to-date: /root/ROS2/Roberto/install/roberto_mundo/share/roberto_mundo//models/turtlebot3_common/meshes/burger_base.dae_Zone - Copy.Identifier
[1.602s] -- Up-to-date: /root/ROS2/Roberto/install/roberto_mundo/share/roberto_mundo//models/turtlebot3_common/meshes/bases
[1.602s] -- Up-to-date: /root/ROS2/Roberto/install/roberto_mundo/share/roberto_mundo//models/turtlebot3_common/meshes/bases/waffle_pi_base.stl_Zone - Copy.Identifier
[1.602s] -- Up-to-date: /root/ROS2/Roberto/install/roberto_mundo/share/roberto_mundo//models/turtlebot3_common/meshes/bases/waffle_pi_base.stl
[1.603s] -- Up-to-date: /root/ROS2/Roberto/install/roberto_mundo/share/roberto_mundo//models/turtlebot3_common/meshes/bases/waffle_pi_base.stl:Zone - Copy.Identifier
[1.603s] -- Up-to-date: /root/ROS2/Roberto/install/roberto_mundo/share/roberto_mundo//models/turtlebot3_common/meshes/bases/burger_base.stl
[1.603s] -- Up-to-date: /root/ROS2/Roberto/install/roberto_mundo/share/roberto_mundo//models/turtlebot3_common/meshes/bases/waffle_base.stl_Zone - Copy.Identifier
[1.603s] -- Up-to-date: /root/ROS2/Roberto/install/roberto_mundo/share/roberto_mundo//models/turtlebot3_common/meshes/bases/waffle_base.stl
[1.604s] -- Up-to-date: /root/ROS2/Roberto/install/roberto_mundo/share/roberto_mundo//models/turtlebot3_common/meshes/bases/waffle_base.stl:Zone - Copy.Identifier
[1.604s] -- Up-to-date: /root/ROS2/Roberto/install/roberto_mundo/share/roberto_mundo//models/turtlebot3_common/meshes/waffle_pi_base.dae:Zone - Copy.Identifier
[1.604s] -- Up-to-date: /root/ROS2/Roberto/install/roberto_mundo/share/roberto_mundo//models/WhiteChipChair
[1.604s] -- Up-to-date: /root/ROS2/Roberto/install/roberto_mundo/share/roberto_mundo//models/WhiteChipChair/model.config_Zone.Identifier
[1.604s] -- Up-to-date: /root/ROS2/Roberto/install/roberto_mundo/share/roberto_mundo//models/WhiteChipChair/thumbnails
[1.605s] -- Up-to-date: /root/ROS2/Roberto/install/roberto_mundo/share/roberto_mundo//models/WhiteChipChair/thumbnails/2.png_Zone.Identifier
[1.605s] -- Up-to-date: /root/ROS2/Roberto/install/roberto_mundo/share/roberto_mundo//models/WhiteChipChair/thumbnails/5.png:Zone.Identifier
[1.605s] -- Up-to-date: /root/ROS2/Roberto/install/roberto_mundo/share/roberto_mundo//models/WhiteChipChair/thumbnails/4.png:Zone.Identifier
[1.605s] -- Up-to-date: /root/ROS2/Roberto/install/roberto_mundo/share/roberto_mundo//models/WhiteChipChair/thumbnails/5.png_Zone.Identifier
[1.606s] -- Up-to-date: /root/ROS2/Roberto/install/roberto_mundo/share/roberto_mundo//models/WhiteChipChair/thumbnails/3.png:Zone.Identifier
[1.606s] -- Up-to-date: /root/ROS2/Roberto/install/roberto_mundo/share/roberto_mundo//models/WhiteChipChair/thumbnails/2.png
[1.606s] -- Up-to-date: /root/ROS2/Roberto/install/roberto_mundo/share/roberto_mundo//models/WhiteChipChair/thumbnails/3.png
[1.606s] -- Up-to-date: /root/ROS2/Roberto/install/roberto_mundo/share/roberto_mundo//models/WhiteChipChair/thumbnails/4.png
[1.607s] -- Up-to-date: /root/ROS2/Roberto/install/roberto_mundo/share/roberto_mundo//models/WhiteChipChair/thumbnails/3.png_Zone.Identifier
[1.607s] -- Up-to-date: /root/ROS2/Roberto/install/roberto_mundo/share/roberto_mundo//models/WhiteChipChair/thumbnails/5.png
[1.607s] -- Up-to-date: /root/ROS2/Roberto/install/roberto_mundo/share/roberto_mundo//models/WhiteChipChair/thumbnails/2.png:Zone.Identifier
[1.607s] -- Up-to-date: /root/ROS2/Roberto/install/roberto_mundo/share/roberto_mundo//models/WhiteChipChair/thumbnails/4.png_Zone.Identifier
[1.608s] -- Up-to-date: /root/ROS2/Roberto/install/roberto_mundo/share/roberto_mundo//models/WhiteChipChair/thumbnails/1.png
[1.608s] -- Up-to-date: /root/ROS2/Roberto/install/roberto_mundo/share/roberto_mundo//models/WhiteChipChair/thumbnails/1.png_Zone.Identifier
[1.608s] -- Up-to-date: /root/ROS2/Roberto/install/roberto_mundo/share/roberto_mundo//models/WhiteChipChair/thumbnails/1.png:Zone.Identifier
[1.608s] -- Up-to-date: /root/ROS2/Roberto/install/roberto_mundo/share/roberto_mundo//models/WhiteChipChair/model.config
[1.609s] -- Up-to-date: /root/ROS2/Roberto/install/roberto_mundo/share/roberto_mundo//models/WhiteChipChair/model.sdf:Zone.Identifier
[1.609s] -- Up-to-date: /root/ROS2/Roberto/install/roberto_mundo/share/roberto_mundo//models/WhiteChipChair/meshes
[1.609s] -- Up-to-date: /root/ROS2/Roberto/install/roberto_mundo/share/roberto_mundo//models/WhiteChipChair/meshes/WhiteChipChair_Col.obj:Zone.Identifier
[1.609s] -- Up-to-date: /root/ROS2/Roberto/install/roberto_mundo/share/roberto_mundo//models/WhiteChipChair/meshes/WhiteChipChair.obj:Zone.Identifier
[1.610s] -- Up-to-date: /root/ROS2/Roberto/install/roberto_mundo/share/roberto_mundo//models/WhiteChipChair/meshes/WhiteChipChairDiffuse.png:Zone.Identifier
[1.610s] -- Up-to-date: /root/ROS2/Roberto/install/roberto_mundo/share/roberto_mundo//models/WhiteChipChair/meshes/WhiteChipChair_Col.mtl
[1.611s] -- Up-to-date: /root/ROS2/Roberto/install/roberto_mundo/share/roberto_mundo//models/WhiteChipChair/meshes/WhiteChipChair.mtl_Zone.Identifier
[1.611s] -- Up-to-date: /root/ROS2/Roberto/install/roberto_mundo/share/roberto_mundo//models/WhiteChipChair/meshes/WhiteChipChairDiffuse.png
[1.612s] -- Up-to-date: /root/ROS2/Roberto/install/roberto_mundo/share/roberto_mundo//models/WhiteChipChair/meshes/WhiteChipChair_Col.obj_Zone.Identifier
[1.612s] -- Up-to-date: /root/ROS2/Roberto/install/roberto_mundo/share/roberto_mundo//models/WhiteChipChair/meshes/WhiteChipChair_Col.mtl_Zone.Identifier
[1.613s] -- Up-to-date: /root/ROS2/Roberto/install/roberto_mundo/share/roberto_mundo//models/WhiteChipChair/meshes/WhiteChipChairDiffuse.png_Zone.Identifier
[1.614s] -- Up-to-date: /root/ROS2/Roberto/install/roberto_mundo/share/roberto_mundo//models/WhiteChipChair/meshes/WhiteChipChair_Col.mtl:Zone.Identifier
[1.614s] -- Up-to-date: /root/ROS2/Roberto/install/roberto_mundo/share/roberto_mundo//models/WhiteChipChair/meshes/WhiteChipChair.mtl:Zone.Identifier
[1.614s] -- Up-to-date: /root/ROS2/Roberto/install/roberto_mundo/share/roberto_mundo//models/WhiteChipChair/meshes/WhiteChipChair.obj
[1.614s] -- Up-to-date: /root/ROS2/Roberto/install/roberto_mundo/share/roberto_mundo//models/WhiteChipChair/meshes/WhiteChipChair_Col.obj
[1.615s] -- Up-to-date: /root/ROS2/Roberto/install/roberto_mundo/share/roberto_mundo//models/WhiteChipChair/meshes/WhiteChipChair.obj_Zone.Identifier
[1.615s] -- Up-to-date: /root/ROS2/Roberto/install/roberto_mundo/share/roberto_mundo//models/WhiteChipChair/meshes/WhiteChipChair.mtl
[1.615s] -- Up-to-date: /root/ROS2/Roberto/install/roberto_mundo/share/roberto_mundo//models/WhiteChipChair/model.sdf_Zone.Identifier
[1.616s] -- Up-to-date: /root/ROS2/Roberto/install/roberto_mundo/share/roberto_mundo//models/WhiteChipChair/model.config:Zone.Identifier
[1.616s] -- Up-to-date: /root/ROS2/Roberto/install/roberto_mundo/share/roberto_mundo//models/WhiteChipChair/model.sdf
[1.616s] -- Up-to-date: /root/ROS2/Roberto/install/roberto_mundo/share/roberto_mundo//models/cafe
[1.617s] -- Up-to-date: /root/ROS2/Roberto/install/roberto_mundo/share/roberto_mundo//models/cafe/model.config
[1.617s] -- Up-to-date: /root/ROS2/Roberto/install/roberto_mundo/share/roberto_mundo//models/cafe/meshes
[1.618s] -- Up-to-date: /root/ROS2/Roberto/install/roberto_mundo/share/roberto_mundo//models/cafe/meshes/cafe.dae
[1.618s] -- Up-to-date: /root/ROS2/Roberto/install/roberto_mundo/share/roberto_mundo//models/cafe/materials
[1.619s] -- Up-to-date: /root/ROS2/Roberto/install/roberto_mundo/share/roberto_mundo//models/cafe/materials/textures
[1.619s] -- Up-to-date: /root/ROS2/Roberto/install/roberto_mundo/share/roberto_mundo//models/cafe/materials/textures/__auto_22.jpg
[1.620s] -- Up-to-date: /root/ROS2/Roberto/install/roberto_mundo/share/roberto_mundo//models/cafe/materials/textures/__auto_35.jpg
[1.620s] -- Up-to-date: /root/ROS2/Roberto/install/roberto_mundo/share/roberto_mundo//models/cafe/materials/textures/__auto_34.jpg
[1.621s] -- Up-to-date: /root/ROS2/Roberto/install/roberto_mundo/share/roberto_mundo//models/cafe/materials/textures/__auto_23.jpg
[1.622s] -- Up-to-date: /root/ROS2/Roberto/install/roberto_mundo/share/roberto_mundo//models/cafe/materials/textures/__auto_28.jpg
[1.622s] -- Up-to-date: /root/ROS2/Roberto/install/roberto_mundo/share/roberto_mundo//models/cafe/materials/textures/__auto_10.jpg
[1.622s] -- Up-to-date: /root/ROS2/Roberto/install/roberto_mundo/share/roberto_mundo//models/cafe/materials/textures/__auto_37.jpg
[1.622s] -- Up-to-date: /root/ROS2/Roberto/install/roberto_mundo/share/roberto_mundo//models/cafe/materials/textures/__auto_25.jpg
[1.622s] -- Up-to-date: /root/ROS2/Roberto/install/roberto_mundo/share/roberto_mundo//models/cafe/materials/textures/__auto_31.jpg
[1.623s] -- Up-to-date: /root/ROS2/Roberto/install/roberto_mundo/share/roberto_mundo//models/cafe/materials/textures/__auto_30.jpg
[1.623s] -- Up-to-date: /root/ROS2/Roberto/install/roberto_mundo/share/roberto_mundo//models/cafe/materials/textures/__auto_29.jpg
[1.623s] -- Up-to-date: /root/ROS2/Roberto/install/roberto_mundo/share/roberto_mundo//models/cafe/materials/textures/__auto_24.jpg
[1.624s] -- Up-to-date: /root/ROS2/Roberto/install/roberto_mundo/share/roberto_mundo//models/cafe/materials/textures/__auto_2.jpg
[1.624s] -- Up-to-date: /root/ROS2/Roberto/install/roberto_mundo/share/roberto_mundo//models/cafe/materials/textures/__auto_21.jpg
[1.624s] -- Up-to-date: /root/ROS2/Roberto/install/roberto_mundo/share/roberto_mundo//models/cafe/materials/textures/__auto_26.jpg
[1.625s] -- Up-to-date: /root/ROS2/Roberto/install/roberto_mundo/share/roberto_mundo//models/cafe/model.sdf
[1.625s] -- Up-to-date: /root/ROS2/Roberto/install/roberto_mundo/share/roberto_mundo//params
[1.626s] -- Up-to-date: /root/ROS2/Roberto/install/roberto_mundo/share/roberto_mundo//params/turtlebot3_burger_bridge.yaml_Zone - Copy.Identifier_Zone.Identifier
[1.626s] -- Up-to-date: /root/ROS2/Roberto/install/roberto_mundo/share/roberto_mundo//params/turtlebot3_burger_cam_bridge.yaml:Zone - Copy.Identifier:Zone.Identifier
[1.627s] -- Up-to-date: /root/ROS2/Roberto/install/roberto_mundo/share/roberto_mundo//params/turtlebot3_burger_bridge.yaml
[1.627s] -- Up-to-date: /root/ROS2/Roberto/install/roberto_mundo/share/roberto_mundo//params/turtlebot3_burger_cam_bridge.yaml_Zone - Copy.Identifier_Zone.Identifier
[1.628s] -- Up-to-date: /root/ROS2/Roberto/install/roberto_mundo/share/roberto_mundo//params/turtlebot3_burger_bridge.yaml:Zone.Identifier
[1.628s] -- Up-to-date: /root/ROS2/Roberto/install/roberto_mundo/share/roberto_mundo//params/turtlebot3_burger_bridge.yaml_Zone - Copy.Identifier
[1.629s] -- Up-to-date: /root/ROS2/Roberto/install/roberto_mundo/share/roberto_mundo//params/turtlebot3_burger_cam_bridge.yaml
[1.629s] -- Up-to-date: /root/ROS2/Roberto/install/roberto_mundo/share/roberto_mundo//params/turtlebot3_burger_cam_bridge.yaml:Zone.Identifier
[1.630s] -- Up-to-date: /root/ROS2/Roberto/install/roberto_mundo/share/roberto_mundo//params/turtlebot3_burger_bridge.yaml:Zone - Copy.Identifier:Zone.Identifier
[1.630s] -- Up-to-date: /root/ROS2/Roberto/install/roberto_mundo/share/roberto_mundo//params/turtlebot3_burger_cam_bridge.yaml_Zone.Identifier
[1.630s] -- Up-to-date: /root/ROS2/Roberto/install/roberto_mundo/share/roberto_mundo//params/turtlebot3_burger_cam_bridge.yaml:Zone - Copy.Identifier
[1.630s] -- Up-to-date: /root/ROS2/Roberto/install/roberto_mundo/share/roberto_mundo//params/turtlebot3_burger_cam_bridge.yaml_Zone - Copy.Identifier
[1.631s] -- Up-to-date: /root/ROS2/Roberto/install/roberto_mundo/share/roberto_mundo//params/turtlebot3_burger_bridge.yaml:Zone - Copy.Identifier
[1.631s] -- Up-to-date: /root/ROS2/Roberto/install/roberto_mundo/share/roberto_mundo//params/turtlebot3_burger_bridge.yaml_Zone.Identifier
[1.631s] -- Up-to-date: /root/ROS2/Roberto/install/roberto_mundo/share/roberto_mundo//rviz
[1.631s] -- Up-to-date: /root/ROS2/Roberto/install/roberto_mundo/share/roberto_mundo//rviz/turtlebot3_burger.urdf_Zone - Copy.Identifier_Zone.Identifier
[1.632s] -- Up-to-date: /root/ROS2/Roberto/install/roberto_mundo/share/roberto_mundo//rviz/turtlebot3_burger.urdf:Zone - Copy.Identifier
[1.632s] -- Up-to-date: /root/ROS2/Roberto/install/roberto_mundo/share/roberto_mundo//rviz/turtlebot3_burger.urdf_Zone - Copy.Identifier
[1.632s] -- Up-to-date: /root/ROS2/Roberto/install/roberto_mundo/share/roberto_mundo//rviz/turtlebot3_burger.urdf
[1.632s] -- Up-to-date: /root/ROS2/Roberto/install/roberto_mundo/share/roberto_mundo//rviz/turtlebot3_burger.urdf_Zone.Identifier
[1.633s] -- Up-to-date: /root/ROS2/Roberto/install/roberto_mundo/share/roberto_mundo//rviz/turtlebot3_burger.urdf:Zone.Identifier
[1.633s] -- Up-to-date: /root/ROS2/Roberto/install/roberto_mundo/share/roberto_mundo//rviz/turtlebot3_burger.urdf:Zone - Copy.Identifier:Zone.Identifier
[1.634s] -- Up-to-date: /root/ROS2/Roberto/install/roberto_mundo/share/roberto_mundo//urdf
[1.634s] -- Up-to-date: /root/ROS2/Roberto/install/roberto_mundo/share/roberto_mundo//urdf/turtlebot3_burger.urdf_Zone - Copy.Identifier_Zone.Identifier
[1.634s] -- Up-to-date: /root/ROS2/Roberto/install/roberto_mundo/share/roberto_mundo//urdf/common_properties.urdf_Zone.Identifier_Zone.Identifier
[1.634s] -- Up-to-date: /root/ROS2/Roberto/install/roberto_mundo/share/roberto_mundo//urdf/turtlebot3_burger_cam.urdf:Zone - Copy.Identifier:Zone.Identifier
[1.634s] -- Up-to-date: /root/ROS2/Roberto/install/roberto_mundo/share/roberto_mundo//urdf/turtlebot3_burger.urdf:Zone - Copy.Identifier
[1.635s] -- Up-to-date: /root/ROS2/Roberto/install/roberto_mundo/share/roberto_mundo//urdf/common_properties.urdf_Zone.Identifier
[1.635s] -- Up-to-date: /root/ROS2/Roberto/install/roberto_mundo/share/roberto_mundo//urdf/common_properties.urdf:Zone.Identifier
[1.635s] -- Up-to-date: /root/ROS2/Roberto/install/roberto_mundo/share/roberto_mundo//urdf/turtlebot3_burger_cam.urdf_Zone - Copy.Identifier
[1.635s] -- Up-to-date: /root/ROS2/Roberto/install/roberto_mundo/share/roberto_mundo//urdf/turtlebot3_burger_cam.urdf_Zone.Identifier
[1.636s] -- Up-to-date: /root/ROS2/Roberto/install/roberto_mundo/share/roberto_mundo//urdf/turtlebot3_burger.urdf_Zone - Copy.Identifier
[1.636s] -- Up-to-date: /root/ROS2/Roberto/install/roberto_mundo/share/roberto_mundo//urdf/common_properties.urdf
[1.637s] -- Up-to-date: /root/ROS2/Roberto/install/roberto_mundo/share/roberto_mundo//urdf/turtlebot3_burger_cam.urdf_Zone - Copy.Identifier_Zone.Identifier
[1.637s] -- Up-to-date: /root/ROS2/Roberto/install/roberto_mundo/share/roberto_mundo//urdf/turtlebot3_burger.urdf
[1.637s] -- Up-to-date: /root/ROS2/Roberto/install/roberto_mundo/share/roberto_mundo//urdf/turtlebot3_burger.urdf_Zone.Identifier
[1.637s] -- Up-to-date: /root/ROS2/Roberto/install/roberto_mundo/share/roberto_mundo//urdf/turtlebot3_burger_cam.urdf
[1.638s] -- Up-to-date: /root/ROS2/Roberto/install/roberto_mundo/share/roberto_mundo//urdf/turtlebot3_burger_cam.urdf:Zone - Copy.Identifier
[1.638s] -- Up-to-date: /root/ROS2/Roberto/install/roberto_mundo/share/roberto_mundo//urdf/common_properties.urdf:Zone.Identifier:Zone.Identifier
[1.639s] -- Up-to-date: /root/ROS2/Roberto/install/roberto_mundo/share/roberto_mundo//urdf/turtlebot3_burger_cam.urdf:Zone.Identifier
[1.640s] -- Up-to-date: /root/ROS2/Roberto/install/roberto_mundo/share/roberto_mundo//urdf/turtlebot3_burger.urdf:Zone.Identifier
[1.641s] -- Up-to-date: /root/ROS2/Roberto/install/roberto_mundo/share/roberto_mundo//urdf/turtlebot3_burger.urdf:Zone - Copy.Identifier:Zone.Identifier
[1.642s] -- Up-to-date: /root/ROS2/Roberto/install/roberto_mundo/share/roberto_mundo//worlds
[1.642s] -- Installing: /root/ROS2/Roberto/install/roberto_mundo/share/roberto_mundo//worlds/distribution_center.world
[1.643s] -- Up-to-date: /root/ROS2/Roberto/install/roberto_mundo/share/roberto_mundo//worlds/roberto.world
[1.643s] -- Up-to-date: /root/ROS2/Roberto/install/roberto_mundo/share/roberto_mundo//maps
[1.644s] -- Up-to-date: /root/ROS2/Roberto/install/roberto_mundo/share/roberto_mundo//maps/mapadelmundo.pgm_Zone.Identifier
[1.645s] -- Up-to-date: /root/ROS2/Roberto/install/roberto_mundo/share/roberto_mundo//maps/mapadelmundo.pgm
[1.645s] -- Up-to-date: /root/ROS2/Roberto/install/roberto_mundo/share/roberto_mundo//maps/mapadelmundo.yaml_Zone.Identifier
[1.645s] -- Up-to-date: /root/ROS2/Roberto/install/roberto_mundo/share/roberto_mundo//maps/mapadelmundo.yaml:Zone.Identifier
[1.646s] -- Up-to-date: /root/ROS2/Roberto/install/roberto_mundo/share/roberto_mundo//maps/mapadelmundo.yaml
[1.646s] -- Up-to-date: /root/ROS2/Roberto/install/roberto_mundo/share/roberto_mundo//maps/mapadelmundo.pgm:Zone.Identifier
[1.646s] -- Up-to-date: /root/ROS2/Roberto/install/roberto_mundo/include/
[1.647s] -- Up-to-date: /root/ROS2/Roberto/install/roberto_mundo/include//turtlebot3_drive.hpp:Zone - Copy.Identifier
[1.647s] -- Up-to-date: /root/ROS2/Roberto/install/roberto_mundo/include//traffic_bar_plugin.hpp:Zone.Identifier:Zone.Identifier
[1.648s] -- Up-to-date: /root/ROS2/Roberto/install/roberto_mundo/include//obstacle2.hpp:Zone.Identifier
[1.648s] -- Up-to-date: /root/ROS2/Roberto/install/roberto_mundo/include//obstacles.hpp:Zone.Identifier
[1.648s] -- Up-to-date: /root/ROS2/Roberto/install/roberto_mundo/include//traffic_bar_plugin.hpp:Zone.Identifier
[1.649s] -- Up-to-date: /root/ROS2/Roberto/install/roberto_mundo/include//traffic_light_plugin.hpp_Zone - Copy.Identifier_Zone.Identifier
[1.649s] -- Up-to-date: /root/ROS2/Roberto/install/roberto_mundo/include//traffic_bar_plugin.hpp_Zone.Identifier
[1.650s] -- Up-to-date: /root/ROS2/Roberto/install/roberto_mundo/include//turtlebot3_drive.hpp_Zone - Copy.Identifier
[1.650s] -- Up-to-date: /root/ROS2/Roberto/install/roberto_mundo/include//traffic_light_plugin.hpp_Zone.Identifier
[1.650s] -- Up-to-date: /root/ROS2/Roberto/install/roberto_mundo/include//obstacle1.hpp:Zone.Identifier
[1.651s] -- Up-to-date: /root/ROS2/Roberto/install/roberto_mundo/include//obstacle1.hpp_Zone.Identifier_Zone.Identifier
[1.651s] -- Up-to-date: /root/ROS2/Roberto/install/roberto_mundo/include//turtlebot3_drive.hpp:Zone - Copy.Identifier:Zone.Identifier
[1.651s] -- Up-to-date: /root/ROS2/Roberto/install/roberto_mundo/include//obstacle1.hpp
[1.652s] -- Up-to-date: /root/ROS2/Roberto/install/roberto_mundo/include//turtlebot3_drive.hpp_Zone - Copy.Identifier_Zone.Identifier
[1.652s] -- Up-to-date: /root/ROS2/Roberto/install/roberto_mundo/include//traffic_bar_plugin.hpp
[1.653s] -- Up-to-date: /root/ROS2/Roberto/install/roberto_mundo/include//obstacles.hpp
[1.653s] -- Up-to-date: /root/ROS2/Roberto/install/roberto_mundo/include//traffic_light_plugin.hpp
[1.653s] -- Up-to-date: /root/ROS2/Roberto/install/roberto_mundo/include//traffic_light_plugin.hpp:Zone - Copy.Identifier:Zone.Identifier
[1.654s] -- Up-to-date: /root/ROS2/Roberto/install/roberto_mundo/include//obstacle2.hpp_Zone.Identifier_Zone.Identifier
[1.654s] -- Up-to-date: /root/ROS2/Roberto/install/roberto_mundo/include//obstacle2.hpp
[1.655s] -- Up-to-date: /root/ROS2/Roberto/install/roberto_mundo/include//traffic_light_plugin.hpp:Zone - Copy.Identifier
[1.655s] -- Up-to-date: /root/ROS2/Roberto/install/roberto_mundo/include//obstacle2.hpp:Zone.Identifier:Zone.Identifier
[1.655s] -- Up-to-date: /root/ROS2/Roberto/install/roberto_mundo/include//traffic_bar_plugin.hpp_Zone.Identifier_Zone.Identifier
[1.657s] -- Up-to-date: /root/ROS2/Roberto/install/roberto_mundo/include//turtlebot3_drive.hpp
[1.657s] -- Up-to-date: /root/ROS2/Roberto/install/roberto_mundo/include//turtlebot3_drive.hpp:Zone.Identifier
[1.658s] -- Up-to-date: /root/ROS2/Roberto/install/roberto_mundo/include//traffic_light_plugin.hpp_Zone - Copy.Identifier
[1.659s] -- Up-to-date: /root/ROS2/Roberto/install/roberto_mundo/include//obstacles.hpp_Zone.Identifier_Zone.Identifier
[1.659s] -- Up-to-date: /root/ROS2/Roberto/install/roberto_mundo/include//traffic_light_plugin.hpp:Zone.Identifier
[1.660s] -- Up-to-date: /root/ROS2/Roberto/install/roberto_mundo/include//obstacle1.hpp:Zone.Identifier:Zone.Identifier
[1.661s] -- Up-to-date: /root/ROS2/Roberto/install/roberto_mundo/include//obstacles.hpp:Zone.Identifier:Zone.Identifier
[1.663s] -- Up-to-date: /root/ROS2/Roberto/install/roberto_mundo/include//obstacles.hpp_Zone.Identifier
[1.664s] -- Up-to-date: /root/ROS2/Roberto/install/roberto_mundo/include//turtlebot3_drive.hpp_Zone.Identifier
[1.664s] -- Up-to-date: /root/ROS2/Roberto/install/roberto_mundo/include//obstacle1.hpp_Zone.Identifier
[1.665s] -- Up-to-date: /root/ROS2/Roberto/install/roberto_mundo/include//obstacle2.hpp_Zone.Identifier
[1.666s] -- Up-to-date: /root/ROS2/Roberto/install/roberto_mundo/share/ament_index/resource_index/package_run_dependencies/roberto_mundo
[1.666s] -- Up-to-date: /root/ROS2/Roberto/install/roberto_mundo/share/ament_index/resource_index/parent_prefix_path/roberto_mundo
[1.667s] -- Up-to-date: /root/ROS2/Roberto/install/roberto_mundo/share/roberto_mundo/environment/ament_prefix_path.sh
[1.667s] -- Up-to-date: /root/ROS2/Roberto/install/roberto_mundo/share/roberto_mundo/environment/ament_prefix_path.dsv
[1.668s] -- Up-to-date: /root/ROS2/Roberto/install/roberto_mundo/share/roberto_mundo/environment/path.sh
[1.669s] -- Up-to-date: /root/ROS2/Roberto/install/roberto_mundo/share/roberto_mundo/environment/path.dsv
[1.669s] -- Up-to-date: /root/ROS2/Roberto/install/roberto_mundo/share/roberto_mundo/local_setup.bash
[1.670s] -- Up-to-date: /root/ROS2/Roberto/install/roberto_mundo/share/roberto_mundo/local_setup.sh
[1.671s] -- Up-to-date: /root/ROS2/Roberto/install/roberto_mundo/share/roberto_mundo/local_setup.zsh
[1.671s] -- Up-to-date: /root/ROS2/Roberto/install/roberto_mundo/share/roberto_mundo/local_setup.dsv
[1.672s] -- Installing: /root/ROS2/Roberto/install/roberto_mundo/share/roberto_mundo/package.dsv
[1.672s] -- Up-to-date: /root/ROS2/Roberto/install/roberto_mundo/share/ament_index/resource_index/packages/roberto_mundo
[1.673s] -- Up-to-date: /root/ROS2/Roberto/install/roberto_mundo/share/roberto_mundo/cmake/ament_cmake_export_include_directories-extras.cmake
[1.673s] -- Up-to-date: /root/ROS2/Roberto/install/roberto_mundo/share/roberto_mundo/cmake/ament_cmake_export_dependencies-extras.cmake
[1.673s] -- Up-to-date: /root/ROS2/Roberto/install/roberto_mundo/share/roberto_mundo/cmake/roberto_mundoConfig.cmake
[1.673s] -- Up-to-date: /root/ROS2/Roberto/install/roberto_mundo/share/roberto_mundo/cmake/roberto_mundoConfig-version.cmake
[1.674s] -- Up-to-date: /root/ROS2/Roberto/install/roberto_mundo/share/roberto_mundo/package.xml
[1.674s] Invoked command in '/root/ROS2/Roberto/build/roberto_mundo' returned '0': CMAKE_PREFIX_PATH=${CMAKE_PREFIX_PATH}:/root/ROS2/Roberto/install/roberto_person_detection:/root/ROS2/Roberto/install/roberto_nav_ruta:/root/ROS2/Roberto/install/roberto_nav_punto:/root/ROS2/Roberto/install/roberto_lidar:/root/ROS2/Roberto/install/roberto_gesture_detection:/opt/ros/jazzy /usr/bin/cmake --install /root/ROS2/Roberto/build/roberto_mundo
