[1.273s] Invoking command in '/root/ROS2/Roberto/roberto_nav_punto': PYTHONPATH=/root/ROS2/Roberto/build/roberto_nav_punto/prefix_override:/usr/lib/python3/dist-packages/colcon_core/task/python/colcon_distutils_commands:/root/ROS2/Roberto/install/roberto_nav_punto/lib/python3.12/site-packages:${PYTHONPATH} /usr/bin/python3 -W ignore:setup.py install is deprecated -W ignore:easy_install command is deprecated setup.py egg_info --egg-base ../build/roberto_nav_punto build --build-base /root/ROS2/Roberto/build/roberto_nav_punto/build install --record /root/ROS2/Roberto/build/roberto_nav_punto/install.log --single-version-externally-managed install_data
[1.477s] /usr/local/lib/python3.12/dist-packages/setuptools/_distutils/dist.py:287: UserWarning: Unknown distribution option: 'tests_require'
[1.477s]   warnings.warn(msg)
[1.681s] running egg_info
[1.712s] creating ../build/roberto_nav_punto/roberto_nav_punto.egg-info
[1.713s] writing ../build/roberto_nav_punto/roberto_nav_punto.egg-info/PKG-INFO
[1.714s] writing dependency_links to ../build/roberto_nav_punto/roberto_nav_punto.egg-info/dependency_links.txt
[1.714s] writing entry points to ../build/roberto_nav_punto/roberto_nav_punto.egg-info/entry_points.txt
[1.714s] writing requirements to ../build/roberto_nav_punto/roberto_nav_punto.egg-info/requires.txt
[1.714s] writing top-level names to ../build/roberto_nav_punto/roberto_nav_punto.egg-info/top_level.txt
[1.714s] writing manifest file '../build/roberto_nav_punto/roberto_nav_punto.egg-info/SOURCES.txt'
[1.779s] reading manifest file '../build/roberto_nav_punto/roberto_nav_punto.egg-info/SOURCES.txt'
[1.780s] writing manifest file '../build/roberto_nav_punto/roberto_nav_punto.egg-info/SOURCES.txt'
[1.781s] running build
[1.781s] running build_py
[1.781s] creating /root/ROS2/Roberto/build/roberto_nav_punto/build/lib/roberto_nav_punto
[1.782s] copying roberto_nav_punto/face_vision_node.py -> /root/ROS2/Roberto/build/roberto_nav_punto/build/lib/roberto_nav_punto
[1.782s] copying roberto_nav_punto/vision_server.py -> /root/ROS2/Roberto/build/roberto_nav_punto/build/lib/roberto_nav_punto
[1.783s] copying roberto_nav_punto/simple_follower.py -> /root/ROS2/Roberto/build/roberto_nav_punto/build/lib/roberto_nav_punto
[1.783s] copying roberto_nav_punto/__init__.py -> /root/ROS2/Roberto/build/roberto_nav_punto/build/lib/roberto_nav_punto
[1.783s] running install
[1.788s] running install_lib
[1.820s] creating /root/ROS2/Roberto/install/roberto_nav_punto/lib/python3.12/site-packages/roberto_nav_punto
[1.821s] copying /root/ROS2/Roberto/build/roberto_nav_punto/build/lib/roberto_nav_punto/face_vision_node.py -> /root/ROS2/Roberto/install/roberto_nav_punto/lib/python3.12/site-packages/roberto_nav_punto
[1.821s] copying /root/ROS2/Roberto/build/roberto_nav_punto/build/lib/roberto_nav_punto/vision_server.py -> /root/ROS2/Roberto/install/roberto_nav_punto/lib/python3.12/site-packages/roberto_nav_punto
[1.821s] copying /root/ROS2/Roberto/build/roberto_nav_punto/build/lib/roberto_nav_punto/simple_follower.py -> /root/ROS2/Roberto/install/roberto_nav_punto/lib/python3.12/site-packages/roberto_nav_punto
[1.821s] copying /root/ROS2/Roberto/build/roberto_nav_punto/build/lib/roberto_nav_punto/__init__.py -> /root/ROS2/Roberto/install/roberto_nav_punto/lib/python3.12/site-packages/roberto_nav_punto
[1.822s] byte-compiling /root/ROS2/Roberto/install/roberto_nav_punto/lib/python3.12/site-packages/roberto_nav_punto/face_vision_node.py to face_vision_node.cpython-312.pyc
[1.825s] byte-compiling /root/ROS2/Roberto/install/roberto_nav_punto/lib/python3.12/site-packages/roberto_nav_punto/vision_server.py to vision_server.cpython-312.pyc
[1.826s] byte-compiling /root/ROS2/Roberto/install/roberto_nav_punto/lib/python3.12/site-packages/roberto_nav_punto/simple_follower.py to simple_follower.cpython-312.pyc
[1.827s] byte-compiling /root/ROS2/Roberto/install/roberto_nav_punto/lib/python3.12/site-packages/roberto_nav_punto/__init__.py to __init__.cpython-312.pyc
[1.828s] running install_data
[1.828s] creating /root/ROS2/Roberto/install/roberto_nav_punto/share/ament_index/resource_index/packages
[1.830s] copying resource/roberto_nav_punto -> /root/ROS2/Roberto/install/roberto_nav_punto/share/ament_index/resource_index/packages
[1.830s] copying package.xml -> /root/ROS2/Roberto/install/roberto_nav_punto/share/roberto_nav_punto
[1.831s] creating /root/ROS2/Roberto/install/roberto_nav_punto/share/roberto_nav_punto/launch
[1.831s] copying launch/localization.launch.py -> /root/ROS2/Roberto/install/roberto_nav_punto/share/roberto_nav_punto/launch
[1.832s] creating /root/ROS2/Roberto/install/roberto_nav_punto/share/roberto_nav_punto/config
[1.832s] copying config/map_server_params.yaml -> /root/ROS2/Roberto/install/roberto_nav_punto/share/roberto_nav_punto/config
[1.833s] copying config/amcl_params.yaml -> /root/ROS2/Roberto/install/roberto_nav_punto/share/roberto_nav_punto/config
[1.833s] creating /root/ROS2/Roberto/install/roberto_nav_punto/share/roberto_nav_punto/rviz
[1.833s] copying rviz/localization.rviz -> /root/ROS2/Roberto/install/roberto_nav_punto/share/roberto_nav_punto/rviz
[1.833s] running install_egg_info
[1.866s] Copying ../build/roberto_nav_punto/roberto_nav_punto.egg-info to /root/ROS2/Roberto/install/roberto_nav_punto/lib/python3.12/site-packages/roberto_nav_punto-0.0.0-py3.12.egg-info
[1.868s] running install_scripts
[1.932s] Installing face_vision_node script to /root/ROS2/Roberto/install/roberto_nav_punto/lib/roberto_nav_punto
[1.933s] Installing person_tracker script to /root/ROS2/Roberto/install/roberto_nav_punto/lib/roberto_nav_punto
[1.933s] Installing simple_follower script to /root/ROS2/Roberto/install/roberto_nav_punto/lib/roberto_nav_punto
[1.933s] Installing vision_server script to /root/ROS2/Roberto/install/roberto_nav_punto/lib/roberto_nav_punto
[1.934s] writing list of installed files to '/root/ROS2/Roberto/build/roberto_nav_punto/install.log'
[1.959s] Invoked command in '/root/ROS2/Roberto/roberto_nav_punto' returned '0': PYTHONPATH=/root/ROS2/Roberto/build/roberto_nav_punto/prefix_override:/usr/lib/python3/dist-packages/colcon_core/task/python/colcon_distutils_commands:/root/ROS2/Roberto/install/roberto_nav_punto/lib/python3.12/site-packages:${PYTHONPATH} /usr/bin/python3 -W ignore:setup.py install is deprecated -W ignore:easy_install command is deprecated setup.py egg_info --egg-base ../build/roberto_nav_punto build --build-base /root/ROS2/Roberto/build/roberto_nav_punto/build install --record /root/ROS2/Roberto/build/roberto_nav_punto/install.log --single-version-externally-managed install_data
