/root/ROS2/Roberto/install/roberto_nav_punto/lib/python3.12/site-packages/roberto_nav_punto/face_vision_node.py
/root/ROS2/Roberto/install/roberto_nav_punto/lib/python3.12/site-packages/roberto_nav_punto/vision_server.py
/root/ROS2/Roberto/install/roberto_nav_punto/lib/python3.12/site-packages/roberto_nav_punto/simple_follower.py
/root/ROS2/Roberto/install/roberto_nav_punto/lib/python3.12/site-packages/roberto_nav_punto/__init__.py
/root/ROS2/Roberto/install/roberto_nav_punto/lib/python3.12/site-packages/roberto_nav_punto/web_video_server.py
/root/ROS2/Roberto/install/roberto_nav_punto/lib/python3.12/site-packages/roberto_nav_punto/__pycache__/face_vision_node.cpython-312.pyc
/root/ROS2/Roberto/install/roberto_nav_punto/lib/python3.12/site-packages/roberto_nav_punto/__pycache__/vision_server.cpython-312.pyc
/root/ROS2/Roberto/install/roberto_nav_punto/lib/python3.12/site-packages/roberto_nav_punto/__pycache__/simple_follower.cpython-312.pyc
/root/ROS2/Roberto/install/roberto_nav_punto/lib/python3.12/site-packages/roberto_nav_punto/__pycache__/__init__.cpython-312.pyc
/root/ROS2/Roberto/install/roberto_nav_punto/lib/python3.12/site-packages/roberto_nav_punto/__pycache__/web_video_server.cpython-312.pyc
/root/ROS2/Roberto/install/roberto_nav_punto/share/ament_index/resource_index/packages/roberto_nav_punto
/root/ROS2/Roberto/install/roberto_nav_punto/share/roberto_nav_punto/package.xml
/root/ROS2/Roberto/install/roberto_nav_punto/share/roberto_nav_punto/launch/localization.launch.py
/root/ROS2/Roberto/install/roberto_nav_punto/share/roberto_nav_punto/config/map_server_params.yaml
/root/ROS2/Roberto/install/roberto_nav_punto/share/roberto_nav_punto/config/amcl_params.yaml
/root/ROS2/Roberto/install/roberto_nav_punto/share/roberto_nav_punto/rviz/localization.rviz
/root/ROS2/Roberto/install/roberto_nav_punto/lib/python3.12/site-packages/roberto_nav_punto-0.0.0-py3.12.egg-info/requires.txt
/root/ROS2/Roberto/install/roberto_nav_punto/lib/python3.12/site-packages/roberto_nav_punto-0.0.0-py3.12.egg-info/zip-safe
/root/ROS2/Roberto/install/roberto_nav_punto/lib/python3.12/site-packages/roberto_nav_punto-0.0.0-py3.12.egg-info/dependency_links.txt
/root/ROS2/Roberto/install/roberto_nav_punto/lib/python3.12/site-packages/roberto_nav_punto-0.0.0-py3.12.egg-info/PKG-INFO
/root/ROS2/Roberto/install/roberto_nav_punto/lib/python3.12/site-packages/roberto_nav_punto-0.0.0-py3.12.egg-info/entry_points.txt
/root/ROS2/Roberto/install/roberto_nav_punto/lib/python3.12/site-packages/roberto_nav_punto-0.0.0-py3.12.egg-info/SOURCES.txt
/root/ROS2/Roberto/install/roberto_nav_punto/lib/python3.12/site-packages/roberto_nav_punto-0.0.0-py3.12.egg-info/top_level.txt
/root/ROS2/Roberto/install/roberto_nav_punto/lib/roberto_nav_punto/face_vision_node
/root/ROS2/Roberto/install/roberto_nav_punto/lib/roberto_nav_punto/simple_follower
/root/ROS2/Roberto/install/roberto_nav_punto/lib/roberto_nav_punto/vision_server
