running egg_info
creating ../build/roberto_gesture_detection/roberto_gesture_detection.egg-info
writing ../build/roberto_gesture_detection/roberto_gesture_detection.egg-info/PKG-INFO
writing dependency_links to ../build/roberto_gesture_detection/roberto_gesture_detection.egg-info/dependency_links.txt
writing entry points to ../build/roberto_gesture_detection/roberto_gesture_detection.egg-info/entry_points.txt
writing requirements to ../build/roberto_gesture_detection/roberto_gesture_detection.egg-info/requires.txt
writing top-level names to ../build/roberto_gesture_detection/roberto_gesture_detection.egg-info/top_level.txt
writing manifest file '../build/roberto_gesture_detection/roberto_gesture_detection.egg-info/SOURCES.txt'
reading manifest file '../build/roberto_gesture_detection/roberto_gesture_detection.egg-info/SOURCES.txt'
writing manifest file '../build/roberto_gesture_detection/roberto_gesture_detection.egg-info/SOURCES.txt'
running build
running build_py
creating /root/ROS2/Roberto/build/roberto_gesture_detection/build/lib/roberto_gesture_detection
copying roberto_gesture_detection/gesture_detector.py -> /root/ROS2/Roberto/build/roberto_gesture_detection/build/lib/roberto_gesture_detection
copying roberto_gesture_detection/__init__.py -> /root/ROS2/Roberto/build/roberto_gesture_detection/build/lib/roberto_gesture_detection
running install
running install_lib
creating /root/ROS2/Roberto/install/roberto_gesture_detection/lib/python3.12/site-packages/roberto_gesture_detection
copying /root/ROS2/Roberto/build/roberto_gesture_detection/build/lib/roberto_gesture_detection/gesture_detector.py -> /root/ROS2/Roberto/install/roberto_gesture_detection/lib/python3.12/site-packages/roberto_gesture_detection
copying /root/ROS2/Roberto/build/roberto_gesture_detection/build/lib/roberto_gesture_detection/__init__.py -> /root/ROS2/Roberto/install/roberto_gesture_detection/lib/python3.12/site-packages/roberto_gesture_detection
byte-compiling /root/ROS2/Roberto/install/roberto_gesture_detection/lib/python3.12/site-packages/roberto_gesture_detection/gesture_detector.py to gesture_detector.cpython-312.pyc
byte-compiling /root/ROS2/Roberto/install/roberto_gesture_detection/lib/python3.12/site-packages/roberto_gesture_detection/__init__.py to __init__.cpython-312.pyc
running install_data
creating /root/ROS2/Roberto/install/roberto_gesture_detection/share/ament_index/resource_index/packages
copying resource/roberto_gesture_detection -> /root/ROS2/Roberto/install/roberto_gesture_detection/share/ament_index/resource_index/packages
copying package.xml -> /root/ROS2/Roberto/install/roberto_gesture_detection/share/roberto_gesture_detection
creating /root/ROS2/Roberto/install/roberto_gesture_detection/share/roberto_gesture_detection/launch
copying launch/gesture_call_robot.launch.py -> /root/ROS2/Roberto/install/roberto_gesture_detection/share/roberto_gesture_detection/launch
creating /root/ROS2/Roberto/install/roberto_gesture_detection/share/roberto_gesture_detection/config
running install_egg_info
Copying ../build/roberto_gesture_detection/roberto_gesture_detection.egg-info to /root/ROS2/Roberto/install/roberto_gesture_detection/lib/python3.12/site-packages/roberto_gesture_detection-0.0.1-py3.12.egg-info
running install_scripts
Installing gesture_detector script to /root/ROS2/Roberto/install/roberto_gesture_detection/lib/roberto_gesture_detection
writing list of installed files to '/root/ROS2/Roberto/build/roberto_gesture_detection/install.log'
