[1.116s] Invoking command in '/root/ROS2/Roberto/roberto_nav_punto': PYTHONPATH=/root/ROS2/Roberto/build/roberto_nav_punto/prefix_override:/usr/lib/python3/dist-packages/colcon_core/task/python/colcon_distutils_commands:/root/ROS2/Roberto/install/roberto_nav_punto/lib/python3.12/site-packages:${PYTHONPATH} /usr/bin/python3 -W ignore:setup.py install is deprecated -W ignore:easy_install command is deprecated setup.py egg_info --egg-base ../build/roberto_nav_punto build --build-base /root/ROS2/Roberto/build/roberto_nav_punto/build install --record /root/ROS2/Roberto/build/roberto_nav_punto/install.log --single-version-externally-managed install_data
[1.316s] /usr/local/lib/python3.12/dist-packages/setuptools/_distutils/dist.py:287: UserWarning: Unknown distribution option: 'tests_require'
[1.316s]   warnings.warn(msg)
[1.509s] running egg_info
[1.541s] creating ../build/roberto_nav_punto/roberto_nav_punto.egg-info
[1.541s] writing ../build/roberto_nav_punto/roberto_nav_punto.egg-info/PKG-INFO
[1.542s] writing dependency_links to ../build/roberto_nav_punto/roberto_nav_punto.egg-info/dependency_links.txt
[1.543s] writing entry points to ../build/roberto_nav_punto/roberto_nav_punto.egg-info/entry_points.txt
[1.543s] writing requirements to ../build/roberto_nav_punto/roberto_nav_punto.egg-info/requires.txt
[1.543s] writing top-level names to ../build/roberto_nav_punto/roberto_nav_punto.egg-info/top_level.txt
[1.544s] writing manifest file '../build/roberto_nav_punto/roberto_nav_punto.egg-info/SOURCES.txt'
[1.609s] reading manifest file '../build/roberto_nav_punto/roberto_nav_punto.egg-info/SOURCES.txt'
[1.610s] writing manifest file '../build/roberto_nav_punto/roberto_nav_punto.egg-info/SOURCES.txt'
[1.610s] running build
[1.610s] running build_py
[1.610s] creating /root/ROS2/Roberto/build/roberto_nav_punto/build/lib/roberto_nav_punto
[1.612s] copying roberto_nav_punto/face_vision_node.py -> /root/ROS2/Roberto/build/roberto_nav_punto/build/lib/roberto_nav_punto
[1.612s] copying roberto_nav_punto/vision_server.py -> /root/ROS2/Roberto/build/roberto_nav_punto/build/lib/roberto_nav_punto
[1.612s] copying roberto_nav_punto/simple_follower.py -> /root/ROS2/Roberto/build/roberto_nav_punto/build/lib/roberto_nav_punto
[1.613s] copying roberto_nav_punto/__init__.py -> /root/ROS2/Roberto/build/roberto_nav_punto/build/lib/roberto_nav_punto
[1.614s] running install
[1.619s] running install_lib
[1.651s] creating /root/ROS2/Roberto/install/roberto_nav_punto/lib/python3.12/site-packages/roberto_nav_punto
[1.652s] copying /root/ROS2/Roberto/build/roberto_nav_punto/build/lib/roberto_nav_punto/face_vision_node.py -> /root/ROS2/Roberto/install/roberto_nav_punto/lib/python3.12/site-packages/roberto_nav_punto
[1.652s] copying /root/ROS2/Roberto/build/roberto_nav_punto/build/lib/roberto_nav_punto/vision_server.py -> /root/ROS2/Roberto/install/roberto_nav_punto/lib/python3.12/site-packages/roberto_nav_punto
[1.652s] copying /root/ROS2/Roberto/build/roberto_nav_punto/build/lib/roberto_nav_punto/simple_follower.py -> /root/ROS2/Roberto/install/roberto_nav_punto/lib/python3.12/site-packages/roberto_nav_punto
[1.652s] copying /root/ROS2/Roberto/build/roberto_nav_punto/build/lib/roberto_nav_punto/__init__.py -> /root/ROS2/Roberto/install/roberto_nav_punto/lib/python3.12/site-packages/roberto_nav_punto
[1.653s] byte-compiling /root/ROS2/Roberto/install/roberto_nav_punto/lib/python3.12/site-packages/roberto_nav_punto/face_vision_node.py to face_vision_node.cpython-312.pyc
[1.655s] byte-compiling /root/ROS2/Roberto/install/roberto_nav_punto/lib/python3.12/site-packages/roberto_nav_punto/vision_server.py to vision_server.cpython-312.pyc
[1.656s] byte-compiling /root/ROS2/Roberto/install/roberto_nav_punto/lib/python3.12/site-packages/roberto_nav_punto/simple_follower.py to simple_follower.cpython-312.pyc
[1.658s] byte-compiling /root/ROS2/Roberto/install/roberto_nav_punto/lib/python3.12/site-packages/roberto_nav_punto/__init__.py to __init__.cpython-312.pyc
[1.658s] running install_data
[1.658s] creating /root/ROS2/Roberto/install/roberto_nav_punto/share/ament_index/resource_index/packages
[1.661s] copying resource/roberto_nav_punto -> /root/ROS2/Roberto/install/roberto_nav_punto/share/ament_index/resource_index/packages
[1.661s] copying package.xml -> /root/ROS2/Roberto/install/roberto_nav_punto/share/roberto_nav_punto
[1.661s] creating /root/ROS2/Roberto/install/roberto_nav_punto/share/roberto_nav_punto/launch
[1.662s] copying launch/localization.launch.py -> /root/ROS2/Roberto/install/roberto_nav_punto/share/roberto_nav_punto/launch
[1.663s] creating /root/ROS2/Roberto/install/roberto_nav_punto/share/roberto_nav_punto/config
[1.663s] copying config/map_server_params.yaml -> /root/ROS2/Roberto/install/roberto_nav_punto/share/roberto_nav_punto/config
[1.663s] copying config/amcl_params.yaml -> /root/ROS2/Roberto/install/roberto_nav_punto/share/roberto_nav_punto/config
[1.664s] creating /root/ROS2/Roberto/install/roberto_nav_punto/share/roberto_nav_punto/rviz
[1.664s] copying rviz/localization.rviz -> /root/ROS2/Roberto/install/roberto_nav_punto/share/roberto_nav_punto/rviz
[1.664s] running install_egg_info
[1.695s] Copying ../build/roberto_nav_punto/roberto_nav_punto.egg-info to /root/ROS2/Roberto/install/roberto_nav_punto/lib/python3.12/site-packages/roberto_nav_punto-0.0.0-py3.12.egg-info
[1.697s] running install_scripts
[1.761s] Installing face_vision_node script to /root/ROS2/Roberto/install/roberto_nav_punto/lib/roberto_nav_punto
[1.762s] Installing person_tracker script to /root/ROS2/Roberto/install/roberto_nav_punto/lib/roberto_nav_punto
[1.762s] Installing simple_follower script to /root/ROS2/Roberto/install/roberto_nav_punto/lib/roberto_nav_punto
[1.762s] Installing vision_server script to /root/ROS2/Roberto/install/roberto_nav_punto/lib/roberto_nav_punto
[1.763s] writing list of installed files to '/root/ROS2/Roberto/build/roberto_nav_punto/install.log'
[1.792s] Invoked command in '/root/ROS2/Roberto/roberto_nav_punto' returned '0': PYTHONPATH=/root/ROS2/Roberto/build/roberto_nav_punto/prefix_override:/usr/lib/python3/dist-packages/colcon_core/task/python/colcon_distutils_commands:/root/ROS2/Roberto/install/roberto_nav_punto/lib/python3.12/site-packages:${PYTHONPATH} /usr/bin/python3 -W ignore:setup.py install is deprecated -W ignore:easy_install command is deprecated setup.py egg_info --egg-base ../build/roberto_nav_punto build --build-base /root/ROS2/Roberto/build/roberto_nav_punto/build install --record /root/ROS2/Roberto/build/roberto_nav_punto/install.log --single-version-externally-managed install_data
