[2.569s] Invoking command in '/root/ROS2/Roberto/roberto_lidar': PYTHONPATH=/root/ROS2/Roberto/build/roberto_lidar/prefix_override:/usr/lib/python3/dist-packages/colcon_core/task/python/colcon_distutils_commands:/root/ROS2/Roberto/install/roberto_lidar/lib/python3.12/site-packages:${PYTHONPATH} /usr/bin/python3 -W ignore:setup.py install is deprecated -W ignore:easy_install command is deprecated setup.py egg_info --egg-base ../build/roberto_lidar build --build-base /root/ROS2/Roberto/build/roberto_lidar/build install --record /root/ROS2/Roberto/build/roberto_lidar/install.log --single-version-externally-managed install_data
[3.165s] running egg_info
[3.214s] creating ../build/roberto_lidar/roberto_lidar.egg-info
[3.215s] writing ../build/roberto_lidar/roberto_lidar.egg-info/PKG-INFO
[3.216s] writing dependency_links to ../build/roberto_lidar/roberto_lidar.egg-info/dependency_links.txt
[3.216s] writing entry points to ../build/roberto_lidar/roberto_lidar.egg-info/entry_points.txt
[3.217s] writing requirements to ../build/roberto_lidar/roberto_lidar.egg-info/requires.txt
[3.217s] writing top-level names to ../build/roberto_lidar/roberto_lidar.egg-info/top_level.txt
[3.217s] writing manifest file '../build/roberto_lidar/roberto_lidar.egg-info/SOURCES.txt'
[3.318s] reading manifest file '../build/roberto_lidar/roberto_lidar.egg-info/SOURCES.txt'
[3.319s] writing manifest file '../build/roberto_lidar/roberto_lidar.egg-info/SOURCES.txt'
[3.320s] running build
[3.320s] running build_py
[3.320s] creating /root/ROS2/Roberto/build/roberto_lidar/build/lib/roberto_lidar
[3.322s] copying roberto_lidar/obstacle_avoidance_node.py -> /root/ROS2/Roberto/build/roberto_lidar/build/lib/roberto_lidar
[3.323s] copying roberto_lidar/obstacle_detection_node.py -> /root/ROS2/Roberto/build/roberto_lidar/build/lib/roberto_lidar
[3.324s] copying roberto_lidar/__init__.py -> /root/ROS2/Roberto/build/roberto_lidar/build/lib/roberto_lidar
[3.324s] running install
[3.335s] running install_lib
[3.386s] creating /root/ROS2/Roberto/install/roberto_lidar/lib/python3.12/site-packages/roberto_lidar
[3.387s] copying /root/ROS2/Roberto/build/roberto_lidar/build/lib/roberto_lidar/obstacle_avoidance_node.py -> /root/ROS2/Roberto/install/roberto_lidar/lib/python3.12/site-packages/roberto_lidar
[3.387s] copying /root/ROS2/Roberto/build/roberto_lidar/build/lib/roberto_lidar/obstacle_detection_node.py -> /root/ROS2/Roberto/install/roberto_lidar/lib/python3.12/site-packages/roberto_lidar
[3.387s] copying /root/ROS2/Roberto/build/roberto_lidar/build/lib/roberto_lidar/__init__.py -> /root/ROS2/Roberto/install/roberto_lidar/lib/python3.12/site-packages/roberto_lidar
[3.388s] byte-compiling /root/ROS2/Roberto/install/roberto_lidar/lib/python3.12/site-packages/roberto_lidar/obstacle_avoidance_node.py to obstacle_avoidance_node.cpython-312.pyc
[3.391s] byte-compiling /root/ROS2/Roberto/install/roberto_lidar/lib/python3.12/site-packages/roberto_lidar/obstacle_detection_node.py to obstacle_detection_node.cpython-312.pyc
[3.392s] byte-compiling /root/ROS2/Roberto/install/roberto_lidar/lib/python3.12/site-packages/roberto_lidar/__init__.py to __init__.cpython-312.pyc
[3.393s] running install_data
[3.393s] creating /root/ROS2/Roberto/install/roberto_lidar/share/ament_index/resource_index/packages
[3.395s] copying resource/roberto_lidar -> /root/ROS2/Roberto/install/roberto_lidar/share/ament_index/resource_index/packages
[3.396s] copying package.xml -> /root/ROS2/Roberto/install/roberto_lidar/share/roberto_lidar
[3.396s] creating /root/ROS2/Roberto/install/roberto_lidar/share/roberto_lidar/launch
[3.397s] copying launch/lidar.launch.py -> /root/ROS2/Roberto/install/roberto_lidar/share/roberto_lidar/launch
[3.398s] creating /root/ROS2/Roberto/install/roberto_lidar/share/roberto_lidar/rviz
[3.399s] copying rviz/rviz_lidar_config.rviz -> /root/ROS2/Roberto/install/roberto_lidar/share/roberto_lidar/rviz
[3.400s] running install_egg_info
[3.450s] Copying ../build/roberto_lidar/roberto_lidar.egg-info to /root/ROS2/Roberto/install/roberto_lidar/lib/python3.12/site-packages/roberto_lidar-0.0.0-py3.12.egg-info
[3.453s] running install_scripts
[3.546s] Installing obstacle_avoidance script to /root/ROS2/Roberto/install/roberto_lidar/lib/roberto_lidar
[3.547s] Installing obstacle_detection_node script to /root/ROS2/Roberto/install/roberto_lidar/lib/roberto_lidar
[3.548s] writing list of installed files to '/root/ROS2/Roberto/build/roberto_lidar/install.log'
[3.595s] Invoked command in '/root/ROS2/Roberto/roberto_lidar' returned '0': PYTHONPATH=/root/ROS2/Roberto/build/roberto_lidar/prefix_override:/usr/lib/python3/dist-packages/colcon_core/task/python/colcon_distutils_commands:/root/ROS2/Roberto/install/roberto_lidar/lib/python3.12/site-packages:${PYTHONPATH} /usr/bin/python3 -W ignore:setup.py install is deprecated -W ignore:easy_install command is deprecated setup.py egg_info --egg-base ../build/roberto_lidar build --build-base /root/ROS2/Roberto/build/roberto_lidar/build install --record /root/ROS2/Roberto/build/roberto_lidar/install.log --single-version-externally-managed install_data
