running egg_info
creating ../build/roberto_person_detection/roberto_person_detection.egg-info
writing ../build/roberto_person_detection/roberto_person_detection.egg-info/PKG-INFO
writing dependency_links to ../build/roberto_person_detection/roberto_person_detection.egg-info/dependency_links.txt
writing entry points to ../build/roberto_person_detection/roberto_person_detection.egg-info/entry_points.txt
writing requirements to ../build/roberto_person_detection/roberto_person_detection.egg-info/requires.txt
writing top-level names to ../build/roberto_person_detection/roberto_person_detection.egg-info/top_level.txt
writing manifest file '../build/roberto_person_detection/roberto_person_detection.egg-info/SOURCES.txt'
reading manifest file '../build/roberto_person_detection/roberto_person_detection.egg-info/SOURCES.txt'
writing manifest file '../build/roberto_person_detection/roberto_person_detection.egg-info/SOURCES.txt'
running build
running build_py
creating /root/ROS2/Roberto/build/roberto_person_detection/build/lib/roberto_person_detection
copying roberto_person_detection/image_publisher.py -> /root/ROS2/Roberto/build/roberto_person_detection/build/lib/roberto_person_detection
copying roberto_person_detection/person_detector.py -> /root/ROS2/Roberto/build/roberto_person_detection/build/lib/roberto_person_detection
copying roberto_person_detection/__init__.py -> /root/ROS2/Roberto/build/roberto_person_detection/build/lib/roberto_person_detection
running install
running install_lib
creating /root/ROS2/Roberto/install/roberto_person_detection/lib/python3.12/site-packages/roberto_person_detection
copying /root/ROS2/Roberto/build/roberto_person_detection/build/lib/roberto_person_detection/image_publisher.py -> /root/ROS2/Roberto/install/roberto_person_detection/lib/python3.12/site-packages/roberto_person_detection
copying /root/ROS2/Roberto/build/roberto_person_detection/build/lib/roberto_person_detection/person_detector.py -> /root/ROS2/Roberto/install/roberto_person_detection/lib/python3.12/site-packages/roberto_person_detection
copying /root/ROS2/Roberto/build/roberto_person_detection/build/lib/roberto_person_detection/__init__.py -> /root/ROS2/Roberto/install/roberto_person_detection/lib/python3.12/site-packages/roberto_person_detection
byte-compiling /root/ROS2/Roberto/install/roberto_person_detection/lib/python3.12/site-packages/roberto_person_detection/image_publisher.py to image_publisher.cpython-312.pyc
byte-compiling /root/ROS2/Roberto/install/roberto_person_detection/lib/python3.12/site-packages/roberto_person_detection/person_detector.py to person_detector.cpython-312.pyc
byte-compiling /root/ROS2/Roberto/install/roberto_person_detection/lib/python3.12/site-packages/roberto_person_detection/__init__.py to __init__.cpython-312.pyc
running install_data
creating /root/ROS2/Roberto/install/roberto_person_detection/share/ament_index/resource_index/packages
copying resource/roberto_person_detection -> /root/ROS2/Roberto/install/roberto_person_detection/share/ament_index/resource_index/packages
copying package.xml -> /root/ROS2/Roberto/install/roberto_person_detection/share/roberto_person_detection
running install_egg_info
Copying ../build/roberto_person_detection/roberto_person_detection.egg-info to /root/ROS2/Roberto/install/roberto_person_detection/lib/python3.12/site-packages/roberto_person_detection-0.0.0-py3.12.egg-info
running install_scripts
Installing image_publisher script to /root/ROS2/Roberto/install/roberto_person_detection/lib/roberto_person_detection
Installing person_detector script to /root/ROS2/Roberto/install/roberto_person_detection/lib/roberto_person_detection
writing list of installed files to '/root/ROS2/Roberto/build/roberto_person_detection/install.log'
