[2.492s] Invoking command in '/root/ROS2/Roberto/roberto_person_detection': PYTHONPATH=/root/ROS2/Roberto/build/roberto_person_detection/prefix_override:/usr/lib/python3/dist-packages/colcon_core/task/python/colcon_distutils_commands:/root/ROS2/Roberto/install/roberto_person_detection/lib/python3.12/site-packages:${PYTHONPATH} /usr/bin/python3 -W ignore:setup.py install is deprecated -W ignore:easy_install command is deprecated setup.py egg_info --egg-base ../build/roberto_person_detection build --build-base /root/ROS2/Roberto/build/roberto_person_detection/build install --record /root/ROS2/Roberto/build/roberto_person_detection/install.log --single-version-externally-managed install_data
[3.110s] running egg_info
[3.156s] creating ../build/roberto_person_detection/roberto_person_detection.egg-info
[3.157s] writing ../build/roberto_person_detection/roberto_person_detection.egg-info/PKG-INFO
[3.158s] writing dependency_links to ../build/roberto_person_detection/roberto_person_detection.egg-info/dependency_links.txt
[3.159s] writing entry points to ../build/roberto_person_detection/roberto_person_detection.egg-info/entry_points.txt
[3.159s] writing requirements to ../build/roberto_person_detection/roberto_person_detection.egg-info/requires.txt
[3.159s] writing top-level names to ../build/roberto_person_detection/roberto_person_detection.egg-info/top_level.txt
[3.159s] writing manifest file '../build/roberto_person_detection/roberto_person_detection.egg-info/SOURCES.txt'
[3.251s] reading manifest file '../build/roberto_person_detection/roberto_person_detection.egg-info/SOURCES.txt'
[3.254s] writing manifest file '../build/roberto_person_detection/roberto_person_detection.egg-info/SOURCES.txt'
[3.254s] running build
[3.254s] running build_py
[3.255s] creating /root/ROS2/Roberto/build/roberto_person_detection/build/lib/roberto_person_detection
[3.255s] copying roberto_person_detection/image_publisher.py -> /root/ROS2/Roberto/build/roberto_person_detection/build/lib/roberto_person_detection
[3.256s] copying roberto_person_detection/person_detector.py -> /root/ROS2/Roberto/build/roberto_person_detection/build/lib/roberto_person_detection
[3.257s] copying roberto_person_detection/__init__.py -> /root/ROS2/Roberto/build/roberto_person_detection/build/lib/roberto_person_detection
[3.257s] running install
[3.265s] running install_lib
[3.312s] creating /root/ROS2/Roberto/install/roberto_person_detection/lib/python3.12/site-packages/roberto_person_detection
[3.313s] copying /root/ROS2/Roberto/build/roberto_person_detection/build/lib/roberto_person_detection/image_publisher.py -> /root/ROS2/Roberto/install/roberto_person_detection/lib/python3.12/site-packages/roberto_person_detection
[3.314s] copying /root/ROS2/Roberto/build/roberto_person_detection/build/lib/roberto_person_detection/person_detector.py -> /root/ROS2/Roberto/install/roberto_person_detection/lib/python3.12/site-packages/roberto_person_detection
[3.314s] copying /root/ROS2/Roberto/build/roberto_person_detection/build/lib/roberto_person_detection/__init__.py -> /root/ROS2/Roberto/install/roberto_person_detection/lib/python3.12/site-packages/roberto_person_detection
[3.315s] byte-compiling /root/ROS2/Roberto/install/roberto_person_detection/lib/python3.12/site-packages/roberto_person_detection/image_publisher.py to image_publisher.cpython-312.pyc
[3.316s] byte-compiling /root/ROS2/Roberto/install/roberto_person_detection/lib/python3.12/site-packages/roberto_person_detection/person_detector.py to person_detector.cpython-312.pyc
[3.318s] byte-compiling /root/ROS2/Roberto/install/roberto_person_detection/lib/python3.12/site-packages/roberto_person_detection/__init__.py to __init__.cpython-312.pyc
[3.318s] running install_data
[3.319s] creating /root/ROS2/Roberto/install/roberto_person_detection/share/ament_index/resource_index/packages
[3.320s] copying resource/roberto_person_detection -> /root/ROS2/Roberto/install/roberto_person_detection/share/ament_index/resource_index/packages
[3.321s] copying package.xml -> /root/ROS2/Roberto/install/roberto_person_detection/share/roberto_person_detection
[3.321s] running install_egg_info
[3.368s] Copying ../build/roberto_person_detection/roberto_person_detection.egg-info to /root/ROS2/Roberto/install/roberto_person_detection/lib/python3.12/site-packages/roberto_person_detection-0.0.0-py3.12.egg-info
[3.372s] running install_scripts
[3.460s] Installing image_publisher script to /root/ROS2/Roberto/install/roberto_person_detection/lib/roberto_person_detection
[3.461s] Installing person_detector script to /root/ROS2/Roberto/install/roberto_person_detection/lib/roberto_person_detection
[3.461s] writing list of installed files to '/root/ROS2/Roberto/build/roberto_person_detection/install.log'
[3.520s] Invoked command in '/root/ROS2/Roberto/roberto_person_detection' returned '0': PYTHONPATH=/root/ROS2/Roberto/build/roberto_person_detection/prefix_override:/usr/lib/python3/dist-packages/colcon_core/task/python/colcon_distutils_commands:/root/ROS2/Roberto/install/roberto_person_detection/lib/python3.12/site-packages:${PYTHONPATH} /usr/bin/python3 -W ignore:setup.py install is deprecated -W ignore:easy_install command is deprecated setup.py egg_info --egg-base ../build/roberto_person_detection build --build-base /root/ROS2/Roberto/build/roberto_person_detection/build install --record /root/ROS2/Roberto/build/roberto_person_detection/install.log --single-version-externally-managed install_data
