[2.371s] Invoking command in '/root/ROS2/Roberto/roberto_gesture_detection': PYTHONPATH=/root/ROS2/Roberto/build/roberto_gesture_detection/prefix_override:/usr/lib/python3/dist-packages/colcon_core/task/python/colcon_distutils_commands:/root/ROS2/Roberto/install/roberto_gesture_detection/lib/python3.12/site-packages:${PYTHONPATH} /usr/bin/python3 -W ignore:setup.py install is deprecated -W ignore:easy_install command is deprecated setup.py egg_info --egg-base ../build/roberto_gesture_detection build --build-base /root/ROS2/Roberto/build/roberto_gesture_detection/build install --record /root/ROS2/Roberto/build/roberto_gesture_detection/install.log --single-version-externally-managed install_data
[2.632s] /usr/local/lib/python3.12/dist-packages/setuptools/_distutils/dist.py:287: UserWarning: Unknown distribution option: 'tests_require'
[2.632s]   warnings.warn(msg)
[2.894s] running egg_info
[2.939s] writing ../build/roberto_gesture_detection/roberto_gesture_detection.egg-info/PKG-INFO
[2.940s] writing dependency_links to ../build/roberto_gesture_detection/roberto_gesture_detection.egg-info/dependency_links.txt
[2.941s] writing entry points to ../build/roberto_gesture_detection/roberto_gesture_detection.egg-info/entry_points.txt
[2.941s] writing requirements to ../build/roberto_gesture_detection/roberto_gesture_detection.egg-info/requires.txt
[2.941s] writing top-level names to ../build/roberto_gesture_detection/roberto_gesture_detection.egg-info/top_level.txt
[3.038s] reading manifest file '../build/roberto_gesture_detection/roberto_gesture_detection.egg-info/SOURCES.txt'
[3.040s] writing manifest file '../build/roberto_gesture_detection/roberto_gesture_detection.egg-info/SOURCES.txt'
[3.040s] running build
[3.040s] running build_py
[3.041s] copying roberto_gesture_detection/gesture_detector.py -> /root/ROS2/Roberto/build/roberto_gesture_detection/build/lib/roberto_gesture_detection
[3.041s] copying roberto_gesture_detection/__init__.py -> /root/ROS2/Roberto/build/roberto_gesture_detection/build/lib/roberto_gesture_detection
[3.041s] running install
[3.049s] running install_lib
[3.085s] running install_data
[3.085s] copying resource/roberto_gesture_detection -> /root/ROS2/Roberto/install/roberto_gesture_detection/share/ament_index/resource_index/packages
[3.086s] copying package.xml -> /root/ROS2/Roberto/install/roberto_gesture_detection/share/roberto_gesture_detection
[3.087s] copying launch/gesture_call_robot.launch.py -> /root/ROS2/Roberto/install/roberto_gesture_detection/share/roberto_gesture_detection/launch
[3.087s] running install_egg_info
[3.123s] removing '/root/ROS2/Roberto/install/roberto_gesture_detection/lib/python3.12/site-packages/roberto_gesture_detection-0.0.1-py3.12.egg-info' (and everything under it)
[3.124s] Copying ../build/roberto_gesture_detection/roberto_gesture_detection.egg-info to /root/ROS2/Roberto/install/roberto_gesture_detection/lib/python3.12/site-packages/roberto_gesture_detection-0.0.1-py3.12.egg-info
[3.125s] running install_scripts
[3.195s] Installing gesture_detector script to /root/ROS2/Roberto/install/roberto_gesture_detection/lib/roberto_gesture_detection
[3.195s] writing list of installed files to '/root/ROS2/Roberto/build/roberto_gesture_detection/install.log'
[3.239s] Invoked command in '/root/ROS2/Roberto/roberto_gesture_detection' returned '0': PYTHONPATH=/root/ROS2/Roberto/build/roberto_gesture_detection/prefix_override:/usr/lib/python3/dist-packages/colcon_core/task/python/colcon_distutils_commands:/root/ROS2/Roberto/install/roberto_gesture_detection/lib/python3.12/site-packages:${PYTHONPATH} /usr/bin/python3 -W ignore:setup.py install is deprecated -W ignore:easy_install command is deprecated setup.py egg_info --egg-base ../build/roberto_gesture_detection build --build-base /root/ROS2/Roberto/build/roberto_gesture_detection/build install --record /root/ROS2/Roberto/build/roberto_gesture_detection/install.log --single-version-externally-managed install_data
