/root/ROS2/Roberto/install/roberto_nav_ruta/lib/python3.12/site-packages/roberto_nav_ruta/navigate_to_pose.py
/root/ROS2/Roberto/install/roberto_nav_ruta/lib/python3.12/site-packages/roberto_nav_ruta/__init__.py
/root/ROS2/Roberto/install/roberto_nav_ruta/lib/python3.12/site-packages/roberto_nav_ruta/follow_waypoints.py
/root/ROS2/Roberto/install/roberto_nav_ruta/lib/python3.12/site-packages/roberto_nav_ruta/__pycache__/navigate_to_pose.cpython-312.pyc
/root/ROS2/Roberto/install/roberto_nav_ruta/lib/python3.12/site-packages/roberto_nav_ruta/__pycache__/__init__.cpython-312.pyc
/root/ROS2/Roberto/install/roberto_nav_ruta/lib/python3.12/site-packages/roberto_nav_ruta/__pycache__/follow_waypoints.cpython-312.pyc
/root/ROS2/Roberto/install/roberto_nav_ruta/share/ament_index/resource_index/packages/roberto_nav_ruta
/root/ROS2/Roberto/install/roberto_nav_ruta/share/roberto_nav_ruta/package.xml
/root/ROS2/Roberto/install/roberto_nav_ruta/share/roberto_nav_ruta/launch/roberto_nav.launch.py
/root/ROS2/Roberto/install/roberto_nav_ruta/share/roberto_nav_ruta/map
/root/ROS2/Roberto/install/roberto_nav_ruta/share/roberto_nav_ruta/param/nav2_params.yaml
/root/ROS2/Roberto/install/roberto_nav_ruta/share/roberto_nav_ruta/rviz/roberto_navigation.rviz
/root/ROS2/Roberto/install/roberto_nav_ruta/lib/python3.12/site-packages/roberto_nav_ruta-0.0.0-py3.12.egg-info/requires.txt
/root/ROS2/Roberto/install/roberto_nav_ruta/lib/python3.12/site-packages/roberto_nav_ruta-0.0.0-py3.12.egg-info/zip-safe
/root/ROS2/Roberto/install/roberto_nav_ruta/lib/python3.12/site-packages/roberto_nav_ruta-0.0.0-py3.12.egg-info/dependency_links.txt
/root/ROS2/Roberto/install/roberto_nav_ruta/lib/python3.12/site-packages/roberto_nav_ruta-0.0.0-py3.12.egg-info/PKG-INFO
/root/ROS2/Roberto/install/roberto_nav_ruta/lib/python3.12/site-packages/roberto_nav_ruta-0.0.0-py3.12.egg-info/entry_points.txt
/root/ROS2/Roberto/install/roberto_nav_ruta/lib/python3.12/site-packages/roberto_nav_ruta-0.0.0-py3.12.egg-info/SOURCES.txt
/root/ROS2/Roberto/install/roberto_nav_ruta/lib/python3.12/site-packages/roberto_nav_ruta-0.0.0-py3.12.egg-info/top_level.txt
/root/ROS2/Roberto/install/roberto_nav_ruta/lib/roberto_nav_ruta/follow_waypoints
/root/ROS2/Roberto/install/roberto_nav_ruta/lib/roberto_nav_ruta/navigate_to_pose
/root/ROS2/Roberto/install/roberto_nav_ruta/lib/roberto_nav_ruta/test_navigation
