[4.359s] Invoking command in '/root/ROS2/Roberto/roberto_nav_punto': PYTHONPATH=/root/ROS2/Roberto/build/roberto_nav_punto/prefix_override:/usr/lib/python3/dist-packages/colcon_core/task/python/colcon_distutils_commands:/root/ROS2/Roberto/install/roberto_nav_punto/lib/python3.12/site-packages:${PYTHONPATH} /usr/bin/python3 -W ignore:setup.py install is deprecated -W ignore:easy_install command is deprecated setup.py egg_info --egg-base ../build/roberto_nav_punto build --build-base /root/ROS2/Roberto/build/roberto_nav_punto/build install --record /root/ROS2/Roberto/build/roberto_nav_punto/install.log --single-version-externally-managed install_data
[5.198s] running egg_info
[5.247s] writing ../build/roberto_nav_punto/roberto_nav_punto.egg-info/PKG-INFO
[5.248s] writing dependency_links to ../build/roberto_nav_punto/roberto_nav_punto.egg-info/dependency_links.txt
[5.248s] writing entry points to ../build/roberto_nav_punto/roberto_nav_punto.egg-info/entry_points.txt
[5.249s] writing requirements to ../build/roberto_nav_punto/roberto_nav_punto.egg-info/requires.txt
[5.249s] writing top-level names to ../build/roberto_nav_punto/roberto_nav_punto.egg-info/top_level.txt
[5.359s] reading manifest file '../build/roberto_nav_punto/roberto_nav_punto.egg-info/SOURCES.txt'
[5.362s] writing manifest file '../build/roberto_nav_punto/roberto_nav_punto.egg-info/SOURCES.txt'
[5.362s] running build
[5.362s] running build_py
[5.363s] copying roberto_nav_punto/vision_server.py -> /root/ROS2/Roberto/build/roberto_nav_punto/build/lib/roberto_nav_punto
[5.363s] copying roberto_nav_punto/web_video_server.py -> /root/ROS2/Roberto/build/roberto_nav_punto/build/lib/roberto_nav_punto
[5.364s] running install
[5.371s] running install_lib
[5.428s] copying /root/ROS2/Roberto/build/roberto_nav_punto/build/lib/roberto_nav_punto/vision_server.py -> /root/ROS2/Roberto/install/roberto_nav_punto/lib/python3.12/site-packages/roberto_nav_punto
[5.430s] byte-compiling /root/ROS2/Roberto/install/roberto_nav_punto/lib/python3.12/site-packages/roberto_nav_punto/vision_server.py to vision_server.cpython-312.pyc
[5.432s] running install_data
[5.434s] running install_egg_info
[5.488s] removing '/root/ROS2/Roberto/install/roberto_nav_punto/lib/python3.12/site-packages/roberto_nav_punto-0.0.0-py3.12.egg-info' (and everything under it)
[5.490s] Copying ../build/roberto_nav_punto/roberto_nav_punto.egg-info to /root/ROS2/Roberto/install/roberto_nav_punto/lib/python3.12/site-packages/roberto_nav_punto-0.0.0-py3.12.egg-info
[5.493s] running install_scripts
[5.590s] Installing face_vision_node script to /root/ROS2/Roberto/install/roberto_nav_punto/lib/roberto_nav_punto
[5.590s] Installing simple_follower script to /root/ROS2/Roberto/install/roberto_nav_punto/lib/roberto_nav_punto
[5.591s] Installing vision_server script to /root/ROS2/Roberto/install/roberto_nav_punto/lib/roberto_nav_punto
[5.592s] writing list of installed files to '/root/ROS2/Roberto/build/roberto_nav_punto/install.log'
[5.640s] Invoked command in '/root/ROS2/Roberto/roberto_nav_punto' returned '0': PYTHONPATH=/root/ROS2/Roberto/build/roberto_nav_punto/prefix_override:/usr/lib/python3/dist-packages/colcon_core/task/python/colcon_distutils_commands:/root/ROS2/Roberto/install/roberto_nav_punto/lib/python3.12/site-packages:${PYTHONPATH} /usr/bin/python3 -W ignore:setup.py install is deprecated -W ignore:easy_install command is deprecated setup.py egg_info --egg-base ../build/roberto_nav_punto build --build-base /root/ROS2/Roberto/build/roberto_nav_punto/build install --record /root/ROS2/Roberto/build/roberto_nav_punto/install.log --single-version-externally-managed install_data
