[3.019s] Invoking command in '/root/ROS2/Roberto/roberto_nav_punto': PYTHONPATH=/root/ROS2/Roberto/build/roberto_nav_punto/prefix_override:/usr/lib/python3/dist-packages/colcon_core/task/python/colcon_distutils_commands:/root/ROS2/Roberto/install/roberto_nav_punto/lib/python3.12/site-packages:${PYTHONPATH} /usr/bin/python3 -W ignore:setup.py install is deprecated -W ignore:easy_install command is deprecated setup.py egg_info --egg-base ../build/roberto_nav_punto build --build-base /root/ROS2/Roberto/build/roberto_nav_punto/build install --record /root/ROS2/Roberto/build/roberto_nav_punto/install.log --single-version-externally-managed install_data
[3.565s] running egg_info
[3.607s] writing ../build/roberto_nav_punto/roberto_nav_punto.egg-info/PKG-INFO
[3.609s] writing dependency_links to ../build/roberto_nav_punto/roberto_nav_punto.egg-info/dependency_links.txt
[3.609s] writing entry points to ../build/roberto_nav_punto/roberto_nav_punto.egg-info/entry_points.txt
[3.610s] writing requirements to ../build/roberto_nav_punto/roberto_nav_punto.egg-info/requires.txt
[3.611s] writing top-level names to ../build/roberto_nav_punto/roberto_nav_punto.egg-info/top_level.txt
[3.718s] reading manifest file '../build/roberto_nav_punto/roberto_nav_punto.egg-info/SOURCES.txt'
[3.720s] writing manifest file '../build/roberto_nav_punto/roberto_nav_punto.egg-info/SOURCES.txt'
[3.721s] running build
[3.721s] running build_py
[3.721s] copying roberto_nav_punto/face_vision_node.py -> /root/ROS2/Roberto/build/roberto_nav_punto/build/lib/roberto_nav_punto
[3.722s] copying roberto_nav_punto/vision_server.py -> /root/ROS2/Roberto/build/roberto_nav_punto/build/lib/roberto_nav_punto
[3.723s] copying roberto_nav_punto/simple_follower.py -> /root/ROS2/Roberto/build/roberto_nav_punto/build/lib/roberto_nav_punto
[3.724s] copying roberto_nav_punto/__init__.py -> /root/ROS2/Roberto/build/roberto_nav_punto/build/lib/roberto_nav_punto
[3.725s] running install
[3.731s] running install_lib
[3.787s] running install_data
[3.788s] copying resource/roberto_nav_punto -> /root/ROS2/Roberto/install/roberto_nav_punto/share/ament_index/resource_index/packages
[3.788s] copying package.xml -> /root/ROS2/Roberto/install/roberto_nav_punto/share/roberto_nav_punto
[3.789s] copying launch/localization.launch.py -> /root/ROS2/Roberto/install/roberto_nav_punto/share/roberto_nav_punto/launch
[3.790s] copying config/map_server_params.yaml -> /root/ROS2/Roberto/install/roberto_nav_punto/share/roberto_nav_punto/config
[3.790s] copying config/amcl_params.yaml -> /root/ROS2/Roberto/install/roberto_nav_punto/share/roberto_nav_punto/config
[3.791s] copying rviz/localization.rviz -> /root/ROS2/Roberto/install/roberto_nav_punto/share/roberto_nav_punto/rviz
[3.792s] running install_egg_info
[3.836s] removing '/root/ROS2/Roberto/install/roberto_nav_punto/lib/python3.12/site-packages/roberto_nav_punto-0.0.0-py3.12.egg-info' (and everything under it)
[3.837s] Copying ../build/roberto_nav_punto/roberto_nav_punto.egg-info to /root/ROS2/Roberto/install/roberto_nav_punto/lib/python3.12/site-packages/roberto_nav_punto-0.0.0-py3.12.egg-info
[3.839s] running install_scripts
[3.934s] Installing face_vision_node script to /root/ROS2/Roberto/install/roberto_nav_punto/lib/roberto_nav_punto
[3.934s] Installing simple_follower.py script to /root/ROS2/Roberto/install/roberto_nav_punto/lib/roberto_nav_punto
[3.934s] Installing vision_server script to /root/ROS2/Roberto/install/roberto_nav_punto/lib/roberto_nav_punto
[3.935s] writing list of installed files to '/root/ROS2/Roberto/build/roberto_nav_punto/install.log'
[3.980s] Invoked command in '/root/ROS2/Roberto/roberto_nav_punto' returned '0': PYTHONPATH=/root/ROS2/Roberto/build/roberto_nav_punto/prefix_override:/usr/lib/python3/dist-packages/colcon_core/task/python/colcon_distutils_commands:/root/ROS2/Roberto/install/roberto_nav_punto/lib/python3.12/site-packages:${PYTHONPATH} /usr/bin/python3 -W ignore:setup.py install is deprecated -W ignore:easy_install command is deprecated setup.py egg_info --egg-base ../build/roberto_nav_punto build --build-base /root/ROS2/Roberto/build/roberto_nav_punto/build install --record /root/ROS2/Roberto/build/roberto_nav_punto/install.log --single-version-externally-managed install_data
