running egg_info
creating ../build/roberto_nav_punto/roberto_nav_punto.egg-info
writing ../build/roberto_nav_punto/roberto_nav_punto.egg-info/PKG-INFO
writing dependency_links to ../build/roberto_nav_punto/roberto_nav_punto.egg-info/dependency_links.txt
writing entry points to ../build/roberto_nav_punto/roberto_nav_punto.egg-info/entry_points.txt
writing requirements to ../build/roberto_nav_punto/roberto_nav_punto.egg-info/requires.txt
writing top-level names to ../build/roberto_nav_punto/roberto_nav_punto.egg-info/top_level.txt
writing manifest file '../build/roberto_nav_punto/roberto_nav_punto.egg-info/SOURCES.txt'
reading manifest file '../build/roberto_nav_punto/roberto_nav_punto.egg-info/SOURCES.txt'
writing manifest file '../build/roberto_nav_punto/roberto_nav_punto.egg-info/SOURCES.txt'
running build
running build_py
creating /root/ROS2/Roberto/build/roberto_nav_punto/build/lib/roberto_nav_punto
copying roberto_nav_punto/face_vision_node.py -> /root/ROS2/Roberto/build/roberto_nav_punto/build/lib/roberto_nav_punto
copying roberto_nav_punto/vision_server.py -> /root/ROS2/Roberto/build/roberto_nav_punto/build/lib/roberto_nav_punto
copying roberto_nav_punto/simple_follower.py -> /root/ROS2/Roberto/build/roberto_nav_punto/build/lib/roberto_nav_punto
copying roberto_nav_punto/__init__.py -> /root/ROS2/Roberto/build/roberto_nav_punto/build/lib/roberto_nav_punto
running install
running install_lib
creating /root/ROS2/Roberto/install/roberto_nav_punto/lib/python3.12/site-packages/roberto_nav_punto
copying /root/ROS2/Roberto/build/roberto_nav_punto/build/lib/roberto_nav_punto/face_vision_node.py -> /root/ROS2/Roberto/install/roberto_nav_punto/lib/python3.12/site-packages/roberto_nav_punto
copying /root/ROS2/Roberto/build/roberto_nav_punto/build/lib/roberto_nav_punto/vision_server.py -> /root/ROS2/Roberto/install/roberto_nav_punto/lib/python3.12/site-packages/roberto_nav_punto
copying /root/ROS2/Roberto/build/roberto_nav_punto/build/lib/roberto_nav_punto/simple_follower.py -> /root/ROS2/Roberto/install/roberto_nav_punto/lib/python3.12/site-packages/roberto_nav_punto
copying /root/ROS2/Roberto/build/roberto_nav_punto/build/lib/roberto_nav_punto/__init__.py -> /root/ROS2/Roberto/install/roberto_nav_punto/lib/python3.12/site-packages/roberto_nav_punto
byte-compiling /root/ROS2/Roberto/install/roberto_nav_punto/lib/python3.12/site-packages/roberto_nav_punto/face_vision_node.py to face_vision_node.cpython-312.pyc
byte-compiling /root/ROS2/Roberto/install/roberto_nav_punto/lib/python3.12/site-packages/roberto_nav_punto/vision_server.py to vision_server.cpython-312.pyc
byte-compiling /root/ROS2/Roberto/install/roberto_nav_punto/lib/python3.12/site-packages/roberto_nav_punto/simple_follower.py to simple_follower.cpython-312.pyc
byte-compiling /root/ROS2/Roberto/install/roberto_nav_punto/lib/python3.12/site-packages/roberto_nav_punto/__init__.py to __init__.cpython-312.pyc
running install_data
creating /root/ROS2/Roberto/install/roberto_nav_punto/share/ament_index/resource_index/packages
copying resource/roberto_nav_punto -> /root/ROS2/Roberto/install/roberto_nav_punto/share/ament_index/resource_index/packages
copying package.xml -> /root/ROS2/Roberto/install/roberto_nav_punto/share/roberto_nav_punto
creating /root/ROS2/Roberto/install/roberto_nav_punto/share/roberto_nav_punto/launch
copying launch/localization.launch.py -> /root/ROS2/Roberto/install/roberto_nav_punto/share/roberto_nav_punto/launch
creating /root/ROS2/Roberto/install/roberto_nav_punto/share/roberto_nav_punto/config
copying config/map_server_params.yaml -> /root/ROS2/Roberto/install/roberto_nav_punto/share/roberto_nav_punto/config
copying config/amcl_params.yaml -> /root/ROS2/Roberto/install/roberto_nav_punto/share/roberto_nav_punto/config
creating /root/ROS2/Roberto/install/roberto_nav_punto/share/roberto_nav_punto/rviz
copying rviz/localization.rviz -> /root/ROS2/Roberto/install/roberto_nav_punto/share/roberto_nav_punto/rviz
running install_egg_info
Copying ../build/roberto_nav_punto/roberto_nav_punto.egg-info to /root/ROS2/Roberto/install/roberto_nav_punto/lib/python3.12/site-packages/roberto_nav_punto-0.0.0-py3.12.egg-info
running install_scripts
Installing face_vision_node script to /root/ROS2/Roberto/install/roberto_nav_punto/lib/roberto_nav_punto
Installing simple_follower.py script to /root/ROS2/Roberto/install/roberto_nav_punto/lib/roberto_nav_punto
Installing vision_server script to /root/ROS2/Roberto/install/roberto_nav_punto/lib/roberto_nav_punto
writing list of installed files to '/root/ROS2/Roberto/build/roberto_nav_punto/install.log'
