[4.712s] Invoking command in '/root/ROS2/Roberto/roberto_nav_punto': PYTHONPATH=/root/ROS2/Roberto/build/roberto_nav_punto/prefix_override:/usr/lib/python3/dist-packages/colcon_core/task/python/colcon_distutils_commands:/root/ROS2/Roberto/install/roberto_nav_punto/lib/python3.12/site-packages:${PYTHONPATH} /usr/bin/python3 -W ignore:setup.py install is deprecated -W ignore:easy_install command is deprecated setup.py egg_info --egg-base ../build/roberto_nav_punto build --build-base /root/ROS2/Roberto/build/roberto_nav_punto/build install --record /root/ROS2/Roberto/build/roberto_nav_punto/install.log --single-version-externally-managed install_data
[5.308s] running egg_info
[5.361s] writing ../build/roberto_nav_punto/roberto_nav_punto.egg-info/PKG-INFO
[5.362s] writing dependency_links to ../build/roberto_nav_punto/roberto_nav_punto.egg-info/dependency_links.txt
[5.363s] writing entry points to ../build/roberto_nav_punto/roberto_nav_punto.egg-info/entry_points.txt
[5.363s] writing requirements to ../build/roberto_nav_punto/roberto_nav_punto.egg-info/requires.txt
[5.363s] writing top-level names to ../build/roberto_nav_punto/roberto_nav_punto.egg-info/top_level.txt
[5.474s] reading manifest file '../build/roberto_nav_punto/roberto_nav_punto.egg-info/SOURCES.txt'
[5.478s] writing manifest file '../build/roberto_nav_punto/roberto_nav_punto.egg-info/SOURCES.txt'
[5.478s] running build
[5.478s] running build_py
[5.478s] copying roberto_nav_punto/face_vision_node.py -> /root/ROS2/Roberto/build/roberto_nav_punto/build/lib/roberto_nav_punto
[5.478s] copying roberto_nav_punto/vision_server.py -> /root/ROS2/Roberto/build/roberto_nav_punto/build/lib/roberto_nav_punto
[5.478s] copying roberto_nav_punto/simple_follower.py -> /root/ROS2/Roberto/build/roberto_nav_punto/build/lib/roberto_nav_punto
[5.479s] copying roberto_nav_punto/__init__.py -> /root/ROS2/Roberto/build/roberto_nav_punto/build/lib/roberto_nav_punto
[5.479s] running install
[5.487s] running install_lib
[5.555s] copying /root/ROS2/Roberto/build/roberto_nav_punto/build/lib/roberto_nav_punto/simple_follower.py -> /root/ROS2/Roberto/install/roberto_nav_punto/lib/python3.12/site-packages/roberto_nav_punto
[5.556s] byte-compiling /root/ROS2/Roberto/install/roberto_nav_punto/lib/python3.12/site-packages/roberto_nav_punto/simple_follower.py to simple_follower.cpython-312.pyc
[5.559s] running install_data
[5.563s] copying resource/roberto_nav_punto -> /root/ROS2/Roberto/install/roberto_nav_punto/share/ament_index/resource_index/packages
[5.563s] copying package.xml -> /root/ROS2/Roberto/install/roberto_nav_punto/share/roberto_nav_punto
[5.563s] copying launch/localization.launch.py -> /root/ROS2/Roberto/install/roberto_nav_punto/share/roberto_nav_punto/launch
[5.563s] copying config/map_server_params.yaml -> /root/ROS2/Roberto/install/roberto_nav_punto/share/roberto_nav_punto/config
[5.564s] copying config/amcl_params.yaml -> /root/ROS2/Roberto/install/roberto_nav_punto/share/roberto_nav_punto/config
[5.564s] copying rviz/localization.rviz -> /root/ROS2/Roberto/install/roberto_nav_punto/share/roberto_nav_punto/rviz
[5.564s] running install_egg_info
[5.619s] removing '/root/ROS2/Roberto/install/roberto_nav_punto/lib/python3.12/site-packages/roberto_nav_punto-0.0.0-py3.12.egg-info' (and everything under it)
[5.619s] Copying ../build/roberto_nav_punto/roberto_nav_punto.egg-info to /root/ROS2/Roberto/install/roberto_nav_punto/lib/python3.12/site-packages/roberto_nav_punto-0.0.0-py3.12.egg-info
[5.622s] running install_scripts
[5.748s] Installing face_vision_node script to /root/ROS2/Roberto/install/roberto_nav_punto/lib/roberto_nav_punto
[5.752s] Installing simple_follower script to /root/ROS2/Roberto/install/roberto_nav_punto/lib/roberto_nav_punto
[5.752s] Installing vision_server script to /root/ROS2/Roberto/install/roberto_nav_punto/lib/roberto_nav_punto
[5.752s] writing list of installed files to '/root/ROS2/Roberto/build/roberto_nav_punto/install.log'
[5.791s] Invoked command in '/root/ROS2/Roberto/roberto_nav_punto' returned '0': PYTHONPATH=/root/ROS2/Roberto/build/roberto_nav_punto/prefix_override:/usr/lib/python3/dist-packages/colcon_core/task/python/colcon_distutils_commands:/root/ROS2/Roberto/install/roberto_nav_punto/lib/python3.12/site-packages:${PYTHONPATH} /usr/bin/python3 -W ignore:setup.py install is deprecated -W ignore:easy_install command is deprecated setup.py egg_info --egg-base ../build/roberto_nav_punto build --build-base /root/ROS2/Roberto/build/roberto_nav_punto/build install --record /root/ROS2/Roberto/build/roberto_nav_punto/install.log --single-version-externally-managed install_data
