[2.006s] Invoking command in '/root/ROS2/Roberto/roberto_nav_punto': PYTHONPATH=/root/ROS2/Roberto/build/roberto_nav_punto/prefix_override:/usr/lib/python3/dist-packages/colcon_core/task/python/colcon_distutils_commands:/root/ROS2/Roberto/install/roberto_nav_punto/lib/python3.12/site-packages:${PYTHONPATH} /usr/bin/python3 -W ignore:setup.py install is deprecated -W ignore:easy_install command is deprecated setup.py egg_info --egg-base ../build/roberto_nav_punto build --build-base /root/ROS2/Roberto/build/roberto_nav_punto/build install --record /root/ROS2/Roberto/build/roberto_nav_punto/install.log --single-version-externally-managed install_data
[2.202s] /usr/local/lib/python3.12/dist-packages/setuptools/_distutils/dist.py:287: UserWarning: Unknown distribution option: 'tests_require'
[2.202s]   warnings.warn(msg)
[2.386s] running egg_info
[2.418s] writing ../build/roberto_nav_punto/roberto_nav_punto.egg-info/PKG-INFO
[2.421s] writing dependency_links to ../build/roberto_nav_punto/roberto_nav_punto.egg-info/dependency_links.txt
[2.422s] writing entry points to ../build/roberto_nav_punto/roberto_nav_punto.egg-info/entry_points.txt
[2.422s] writing requirements to ../build/roberto_nav_punto/roberto_nav_punto.egg-info/requires.txt
[2.422s] writing top-level names to ../build/roberto_nav_punto/roberto_nav_punto.egg-info/top_level.txt
[2.488s] reading manifest file '../build/roberto_nav_punto/roberto_nav_punto.egg-info/SOURCES.txt'
[2.490s] writing manifest file '../build/roberto_nav_punto/roberto_nav_punto.egg-info/SOURCES.txt'
[2.490s] running build
[2.490s] running build_py
[2.490s] copying roberto_nav_punto/face_vision_node.py -> /root/ROS2/Roberto/build/roberto_nav_punto/build/lib/roberto_nav_punto
[2.497s] copying roberto_nav_punto/vision_server.py -> /root/ROS2/Roberto/build/roberto_nav_punto/build/lib/roberto_nav_punto
[2.497s] copying roberto_nav_punto/simple_follower.py -> /root/ROS2/Roberto/build/roberto_nav_punto/build/lib/roberto_nav_punto
[2.498s] copying roberto_nav_punto/__init__.py -> /root/ROS2/Roberto/build/roberto_nav_punto/build/lib/roberto_nav_punto
[2.498s] copying roberto_nav_punto/person_tracker.py -> /root/ROS2/Roberto/build/roberto_nav_punto/build/lib/roberto_nav_punto
[2.499s] running install
[2.504s] running install_lib
[2.534s] copying /root/ROS2/Roberto/build/roberto_nav_punto/build/lib/roberto_nav_punto/person_tracker.py -> /root/ROS2/Roberto/install/roberto_nav_punto/lib/python3.12/site-packages/roberto_nav_punto
[2.538s] byte-compiling /root/ROS2/Roberto/install/roberto_nav_punto/lib/python3.12/site-packages/roberto_nav_punto/person_tracker.py to person_tracker.cpython-312.pyc
[2.539s] running install_data
[2.540s] copying resource/roberto_nav_punto -> /root/ROS2/Roberto/install/roberto_nav_punto/share/ament_index/resource_index/packages
[2.554s] copying package.xml -> /root/ROS2/Roberto/install/roberto_nav_punto/share/roberto_nav_punto
[2.554s] copying launch/localization.launch.py -> /root/ROS2/Roberto/install/roberto_nav_punto/share/roberto_nav_punto/launch
[2.554s] copying config/map_server_params.yaml -> /root/ROS2/Roberto/install/roberto_nav_punto/share/roberto_nav_punto/config
[2.563s] copying config/amcl_params.yaml -> /root/ROS2/Roberto/install/roberto_nav_punto/share/roberto_nav_punto/config
[2.572s] copying rviz/localization.rviz -> /root/ROS2/Roberto/install/roberto_nav_punto/share/roberto_nav_punto/rviz
[2.580s] running install_egg_info
[2.611s] removing '/root/ROS2/Roberto/install/roberto_nav_punto/lib/python3.12/site-packages/roberto_nav_punto-0.0.0-py3.12.egg-info' (and everything under it)
[2.619s] Copying ../build/roberto_nav_punto/roberto_nav_punto.egg-info to /root/ROS2/Roberto/install/roberto_nav_punto/lib/python3.12/site-packages/roberto_nav_punto-0.0.0-py3.12.egg-info
[2.632s] running install_scripts
[2.700s] Installing face_vision_node script to /root/ROS2/Roberto/install/roberto_nav_punto/lib/roberto_nav_punto
[2.702s] Installing person_tracker script to /root/ROS2/Roberto/install/roberto_nav_punto/lib/roberto_nav_punto
[2.702s] Installing simple_follower script to /root/ROS2/Roberto/install/roberto_nav_punto/lib/roberto_nav_punto
[2.702s] Installing vision_server script to /root/ROS2/Roberto/install/roberto_nav_punto/lib/roberto_nav_punto
[2.703s] writing list of installed files to '/root/ROS2/Roberto/build/roberto_nav_punto/install.log'
[2.745s] Invoked command in '/root/ROS2/Roberto/roberto_nav_punto' returned '0': PYTHONPATH=/root/ROS2/Roberto/build/roberto_nav_punto/prefix_override:/usr/lib/python3/dist-packages/colcon_core/task/python/colcon_distutils_commands:/root/ROS2/Roberto/install/roberto_nav_punto/lib/python3.12/site-packages:${PYTHONPATH} /usr/bin/python3 -W ignore:setup.py install is deprecated -W ignore:easy_install command is deprecated setup.py egg_info --egg-base ../build/roberto_nav_punto build --build-base /root/ROS2/Roberto/build/roberto_nav_punto/build install --record /root/ROS2/Roberto/build/roberto_nav_punto/install.log --single-version-externally-managed install_data
