[3.870s] Invoking command in '/root/ROS2/Roberto/roberto_person_detection': PYTHONPATH=/root/ROS2/Roberto/build/roberto_person_detection/prefix_override:/usr/lib/python3/dist-packages/colcon_core/task/python/colcon_distutils_commands:/root/ROS2/Roberto/install/roberto_person_detection/lib/python3.12/site-packages:${PYTHONPATH} /usr/bin/python3 -W ignore:setup.py install is deprecated -W ignore:easy_install command is deprecated setup.py egg_info --egg-base ../build/roberto_person_detection build --build-base /root/ROS2/Roberto/build/roberto_person_detection/build install --record /root/ROS2/Roberto/build/roberto_person_detection/install.log --single-version-externally-managed install_data
[4.507s] running egg_info
[4.563s] writing ../build/roberto_person_detection/roberto_person_detection.egg-info/PKG-INFO
[4.564s] writing dependency_links to ../build/roberto_person_detection/roberto_person_detection.egg-info/dependency_links.txt
[4.564s] writing entry points to ../build/roberto_person_detection/roberto_person_detection.egg-info/entry_points.txt
[4.564s] writing requirements to ../build/roberto_person_detection/roberto_person_detection.egg-info/requires.txt
[4.565s] writing top-level names to ../build/roberto_person_detection/roberto_person_detection.egg-info/top_level.txt
[4.677s] reading manifest file '../build/roberto_person_detection/roberto_person_detection.egg-info/SOURCES.txt'
[4.680s] writing manifest file '../build/roberto_person_detection/roberto_person_detection.egg-info/SOURCES.txt'
[4.680s] running build
[4.680s] running build_py
[4.681s] copying roberto_person_detection/image_publisher.py -> /root/ROS2/Roberto/build/roberto_person_detection/build/lib/roberto_person_detection
[4.681s] copying roberto_person_detection/person_detector.py -> /root/ROS2/Roberto/build/roberto_person_detection/build/lib/roberto_person_detection
[4.681s] copying roberto_person_detection/__init__.py -> /root/ROS2/Roberto/build/roberto_person_detection/build/lib/roberto_person_detection
[4.682s] running install
[4.689s] running install_lib
[4.800s] running install_data
[4.801s] copying resource/roberto_person_detection -> /root/ROS2/Roberto/install/roberto_person_detection/share/ament_index/resource_index/packages
[4.802s] copying package.xml -> /root/ROS2/Roberto/install/roberto_person_detection/share/roberto_person_detection
[4.803s] running install_egg_info
[4.929s] removing '/root/ROS2/Roberto/install/roberto_person_detection/lib/python3.12/site-packages/roberto_person_detection-0.0.0-py3.12.egg-info' (and everything under it)
[4.933s] Copying ../build/roberto_person_detection/roberto_person_detection.egg-info to /root/ROS2/Roberto/install/roberto_person_detection/lib/python3.12/site-packages/roberto_person_detection-0.0.0-py3.12.egg-info
[4.938s] running install_scripts
[5.136s] Installing image_publisher script to /root/ROS2/Roberto/install/roberto_person_detection/lib/roberto_person_detection
[5.136s] Installing person_detector script to /root/ROS2/Roberto/install/roberto_person_detection/lib/roberto_person_detection
[5.137s] writing list of installed files to '/root/ROS2/Roberto/build/roberto_person_detection/install.log'
[5.198s] Invoked command in '/root/ROS2/Roberto/roberto_person_detection' returned '0': PYTHONPATH=/root/ROS2/Roberto/build/roberto_person_detection/prefix_override:/usr/lib/python3/dist-packages/colcon_core/task/python/colcon_distutils_commands:/root/ROS2/Roberto/install/roberto_person_detection/lib/python3.12/site-packages:${PYTHONPATH} /usr/bin/python3 -W ignore:setup.py install is deprecated -W ignore:easy_install command is deprecated setup.py egg_info --egg-base ../build/roberto_person_detection build --build-base /root/ROS2/Roberto/build/roberto_person_detection/build install --record /root/ROS2/Roberto/build/roberto_person_detection/install.log --single-version-externally-managed install_data
